2026-04-16 11:39:38,282 - __main__ - INFO - ============================================================
2026-04-16 11:39:38,282 - __main__ - INFO - STAP 0: IFC-bestand inladen en versie detecteren
2026-04-16 11:39:38,282 - __main__ - INFO - ============================================================
2026-04-16 11:41:54,377 - __main__ - INFO - ============================================================
2026-04-16 11:41:54,378 - __main__ - INFO - STAP 0 - RESULTATEN
2026-04-16 11:41:54,378 - __main__ - INFO - ============================================================
2026-04-16 11:41:54,378 - __main__ - INFO - Bestand: c:/Users/cathy/Downloads/quest/4.3_bestand.ifc
2026-04-16 11:41:54,378 - __main__ - INFO - Bestandsgrootte: 989.05 MB
2026-04-16 11:41:54,378 - __main__ - INFO - Gedetecteerde versie: 4.3
2026-04-16 11:41:54,379 - __main__ - INFO - Aantal bouwkundige elementen om te verwerken: 10
2026-04-16 11:41:54,379 - __main__ - INFO - Bouwkundige elementen: IFCWALL, IFCDOOR, IFCWINDOW, IFCBEAM, IFCCOLUMN, IFCSLAB, IFCMEMBER, IFCCURTAINWALL, IFCROOF, IFCBUILDINGELEMENTPROXY
2026-04-16 11:41:54,379 - __main__ - INFO - ============================================================
2026-04-16 12:36:29,698 - __main__ - INFO - ============================================================
2026-04-16 12:36:29,699 - __main__ - INFO - STAP 0: IFC-bestand inladen en versie detecteren
2026-04-16 12:36:29,699 - __main__ - INFO - ============================================================
2026-04-16 12:38:28,644 - __main__ - INFO - ============================================================
2026-04-16 12:38:28,644 - __main__ - INFO - STAP 0 - RESULTATEN
2026-04-16 12:38:28,644 - __main__ - INFO - ============================================================
2026-04-16 12:38:28,644 - __main__ - INFO - Bestand: c:/Users/cathy/Downloads/quest/4.3_bestand.ifc
2026-04-16 12:38:28,645 - __main__ - INFO - Bestandsgrootte: 989.05 MB
2026-04-16 12:38:28,645 - __main__ - INFO - Gedetecteerde versie: 4.3
2026-04-16 12:38:28,645 - __main__ - INFO - Aantal bouwkundige elementen om te verwerken: 10
2026-04-16 12:38:28,645 - __main__ - INFO - Bouwkundige elementen: IFCWALL, IFCDOOR, IFCWINDOW, IFCBEAM, IFCCOLUMN, IFCSLAB, IFCMEMBER, IFCCURTAINWALL, IFCROOF, IFCBUILDINGELEMENTPROXY
2026-04-16 12:38:28,646 - __main__ - INFO - ============================================================
2026-04-16 15:32:37,263 - __main__ - ERROR - Geen IFC-bestandspad opgegeven!
2026-04-16 15:32:37,264 - __main__ - INFO - Gebruik: python main.py <C:\Users\cathy\Downloads\quest\4.3_bestand.ifc>
2026-04-16 15:34:03,258 - __main__ - INFO - QUEST - BIM MATERIAALPROFILER
2026-04-16 15:34:03,260 - __main__ - INFO - 
============================================================
2026-04-16 15:34:03,260 - __main__ - INFO - STAP 0: IFC-BESTAND INLADEN EN VERSIE DETECTEREN
2026-04-16 15:34:03,260 - __main__ - INFO - ============================================================

2026-04-16 15:36:01,061 - __main__ - ERROR - Kritieke fout: type object 'IFCVersion' has no attribute 'IFC_4_2'
2026-04-16 15:43:04,015 - __main__ - ERROR - Geen IFC-bestandspad opgegeven!
2026-04-16 15:43:04,015 - __main__ - INFO - Gebruik: python main.py <C:\Users\cathy\Downloads\quest\4.3_bestand.ifc>
2026-04-16 15:43:19,050 - __main__ - INFO - QUEST - BIM MATERIAALPROFILER
2026-04-16 15:43:19,052 - __main__ - INFO - 
============================================================
2026-04-16 15:43:19,052 - __main__ - INFO - STAP 0: IFC-BESTAND INLADEN EN VERSIE DETECTEREN
2026-04-16 15:43:19,052 - __main__ - INFO - ============================================================

2026-04-16 15:45:32,334 - __main__ - INFO - ============================================================
2026-04-16 15:45:32,334 - __main__ - INFO - STAP 0 - RESULTATEN
2026-04-16 15:45:32,334 - __main__ - INFO - ============================================================
2026-04-16 15:45:32,334 - __main__ - INFO - Bestand: C:\Users\cathy\Downloads\quest\4.3_bestand.ifc
2026-04-16 15:45:32,335 - __main__ - INFO - Bestandsgrootte: 989.05 MB
2026-04-16 15:45:32,335 - __main__ - INFO - Gedetecteerde versie: 4.3
2026-04-16 15:45:32,335 - __main__ - INFO - Aantal bouwkundige elementen-typen: 10
2026-04-16 15:45:32,335 - __main__ - INFO - ============================================================

2026-04-16 15:46:03,586 - __main__ - ERROR - Kritieke fout: cannot pickle 'SwigPyObject' object
2026-04-16 16:17:59,819 - __main__ - ERROR - Geen IFC-bestandspad opgegeven!
2026-04-16 16:17:59,819 - __main__ - INFO - Gebruik: python main.py <C:\Users\cathy\Downloads\quest\4.3_bestand.ifc>
2026-04-16 16:18:31,916 - __main__ - INFO - QUEST - BIM MATERIAALPROFILER
2026-04-16 16:18:31,917 - __main__ - INFO - 
============================================================
2026-04-16 16:18:31,917 - __main__ - INFO - STAP 0: IFC-BESTAND INLADEN EN VERSIE DETECTEREN
2026-04-16 16:18:31,917 - __main__ - INFO - ============================================================

2026-04-16 16:21:28,777 - __main__ - INFO - ============================================================
2026-04-16 16:21:28,779 - __main__ - INFO - STAP 0 - RESULTATEN
2026-04-16 16:21:28,779 - __main__ - INFO - ============================================================
2026-04-16 16:21:28,779 - __main__ - INFO - Bestand: C:\Users\cathy\Downloads\quest\2.3_bestand.ifc
2026-04-16 16:21:28,779 - __main__ - INFO - Bestandsgrootte: 988.70 MB
2026-04-16 16:21:28,780 - __main__ - INFO - Gedetecteerde versie: 2.3
2026-04-16 16:21:28,780 - __main__ - INFO - Aantal bouwkundige elementen-typen: 10
2026-04-16 16:21:28,781 - __main__ - INFO - ============================================================

2026-04-16 16:21:30,781 - __main__ - ERROR - Kritieke fout: cannot pickle 'SwigPyObject' object
2026-04-17 10:29:36,482 - __main__ - ERROR - Geen IFC-bestandspad opgegeven!
2026-04-17 10:29:36,482 - __main__ - INFO - Gebruik: python main.py <C:\Users\cathy\Downloads\quest\4.3_bestand.ifc>
2026-04-17 10:29:47,477 - __main__ - INFO - QUEST - BIM MATERIAALPROFILER
2026-04-17 10:29:47,479 - __main__ - INFO - 
============================================================
2026-04-17 10:29:47,479 - __main__ - INFO - STAP 0: IFC-BESTAND INLADEN EN VERSIE DETECTEREN
2026-04-17 10:29:47,479 - __main__ - INFO - ============================================================

2026-04-17 10:32:07,751 - __main__ - INFO - ============================================================
2026-04-17 10:32:07,751 - __main__ - INFO - STAP 0 - RESULTATEN
2026-04-17 10:32:07,752 - __main__ - INFO - ============================================================
2026-04-17 10:32:07,752 - __main__ - INFO - Bestand: C:\Users\cathy\Downloads\quest\2.3_bestand.ifc
2026-04-17 10:32:07,752 - __main__ - INFO - Bestandsgrootte: 988.70 MB
2026-04-17 10:32:07,752 - __main__ - INFO - Gedetecteerde versie: 2.3
2026-04-17 10:32:07,752 - __main__ - INFO - Aantal bouwkundige elementen-typen: 10
2026-04-17 10:32:07,752 - __main__ - INFO - ============================================================

2026-04-17 10:32:09,548 - __main__ - ERROR - Kritieke fout: cannot pickle 'SwigPyObject' object
2026-04-17 10:42:35,040 - __main__ - INFO - QUEST - BIM MATERIAALPROFILER
2026-04-17 10:42:35,042 - __main__ - INFO - 
============================================================
2026-04-17 10:42:35,042 - __main__ - INFO - STAP 0: IFC-BESTAND INLADEN EN VERSIE DETECTEREN
2026-04-17 10:42:35,042 - __main__ - INFO - ============================================================

2026-04-17 10:44:46,198 - __main__ - INFO - ============================================================
2026-04-17 10:44:46,199 - __main__ - INFO - STAP 0 - RESULTATEN
2026-04-17 10:44:46,199 - __main__ - INFO - ============================================================
2026-04-17 10:44:46,199 - __main__ - INFO - Bestand: C:\Users\cathy\Downloads\quest\2.3_bestand.ifc
2026-04-17 10:44:46,199 - __main__ - INFO - Bestandsgrootte: 988.70 MB
2026-04-17 10:44:46,200 - __main__ - INFO - Gedetecteerde versie: 2.3
2026-04-17 10:44:46,200 - __main__ - INFO - Aantal bouwkundige elementen-typen: 10
2026-04-17 10:44:46,200 - __main__ - INFO - ============================================================

2026-04-17 10:44:47,736 - __main__ - INFO - 
============================================================
2026-04-17 10:44:47,738 - __main__ - INFO - ============================================================
2026-04-17 10:44:47,738 - __main__ - INFO - Totaal elementen verzameld: 3623
2026-04-17 10:44:47,738 - __main__ - INFO - Elementen met materiaalinfo: 3164
2026-04-17 10:44:47,738 - __main__ - INFO - ============================================================

2026-04-20 11:49:07,410 - __main__ - INFO - QUEST - BIM MATERIAALPROFILER
2026-04-20 11:49:07,413 - __main__ - INFO - 
============================================================
2026-04-20 11:49:07,413 - __main__ - INFO - STAP 0: IFC-BESTAND INLADEN EN VERSIE DETECTEREN
2026-04-20 11:49:07,413 - __main__ - INFO - ============================================================

2026-04-20 11:51:53,638 - __main__ - INFO - ============================================================
2026-04-20 11:51:53,639 - __main__ - INFO - STAP 0 - RESULTATEN
2026-04-20 11:51:53,639 - __main__ - INFO - ============================================================
2026-04-20 11:51:53,639 - __main__ - INFO - Bestand: C:\Users\cathy\Downloads\quest\2.3_bestand.ifc
2026-04-20 11:51:53,640 - __main__ - INFO - Bestandsgrootte: 988.70 MB
2026-04-20 11:51:53,640 - __main__ - INFO - Gedetecteerde versie: 2.3
2026-04-20 11:51:53,640 - __main__ - INFO - Aantal bouwkundige elementen-typen: 10
2026-04-20 11:51:53,640 - __main__ - INFO - ============================================================

2026-04-20 11:51:55,565 - __main__ - INFO - 
============================================================
2026-04-20 11:51:55,566 - __main__ - INFO - ============================================================
2026-04-20 11:51:55,566 - __main__ - INFO - Totaal elementen verzameld: 3623
2026-04-20 11:51:55,567 - __main__ - INFO - Elementen met materiaalinfo: 3164
2026-04-20 11:51:55,567 - __main__ - INFO - ============================================================

2026-04-20 12:17:14,583 - __main__ - INFO - QUEST - BIM MATERIAALPROFILER
2026-04-20 12:17:14,585 - __main__ - INFO - 
============================================================
2026-04-20 12:17:14,585 - __main__ - INFO - STAP 0: IFC-BESTAND INLADEN EN VERSIE DETECTEREN
2026-04-20 12:17:14,585 - __main__ - INFO - ============================================================

2026-04-20 12:19:40,316 - __main__ - INFO - ============================================================
2026-04-20 12:19:40,317 - __main__ - INFO - STAP 0 - RESULTATEN
2026-04-20 12:19:40,317 - __main__ - INFO - ============================================================
2026-04-20 12:19:40,317 - __main__ - INFO - Bestand: C:\Users\cathy\Downloads\quest\2.3_bestand.ifc
2026-04-20 12:19:40,318 - __main__ - INFO - Bestandsgrootte: 988.70 MB
2026-04-20 12:19:40,318 - __main__ - INFO - Gedetecteerde versie: 2.3
2026-04-20 12:19:40,318 - __main__ - INFO - Aantal bouwkundige elementen-typen: 10
2026-04-20 12:19:40,318 - __main__ - INFO - ============================================================

2026-04-20 12:19:42,201 - __main__ - INFO - 
============================================================
2026-04-20 12:19:42,203 - __main__ - INFO - ============================================================
2026-04-20 12:19:42,203 - __main__ - INFO - Totaal elementen verzameld: 3623
2026-04-20 12:19:42,203 - __main__ - INFO - Elementen met materiaalinfo: 3164
2026-04-20 12:19:42,203 - __main__ - INFO - ============================================================

2026-04-20 13:41:40,512 - __main__ - INFO - QUEST - BIM MATERIAALPROFILER
2026-04-20 13:41:40,513 - __main__ - INFO - 
============================================================
2026-04-20 13:41:40,513 - __main__ - INFO - STAP 0: IFC-BESTAND INLADEN EN VERSIE DETECTEREN
2026-04-20 13:41:40,514 - __main__ - INFO - ============================================================

2026-04-20 13:44:00,547 - __main__ - INFO - ============================================================
2026-04-20 13:44:00,547 - __main__ - INFO - STAP 0 - RESULTATEN
2026-04-20 13:44:00,548 - __main__ - INFO - ============================================================
2026-04-20 13:44:00,548 - __main__ - INFO - Bestand: C:\Users\cathy\Downloads\quest\2.3_bestand.ifc
2026-04-20 13:44:00,548 - __main__ - INFO - Bestandsgrootte: 988.70 MB
2026-04-20 13:44:00,548 - __main__ - INFO - Gedetecteerde versie: 2.3
2026-04-20 13:44:00,548 - __main__ - INFO - Aantal bouwkundige elementen-typen: 10
2026-04-20 13:44:00,548 - __main__ - INFO - ============================================================

2026-04-20 13:44:02,007 - __main__ - INFO - 
============================================================
2026-04-20 13:44:02,010 - __main__ - INFO - ============================================================
2026-04-20 13:44:02,010 - __main__ - INFO - Totaal elementen verzameld: 3623
2026-04-20 13:44:02,011 - __main__ - INFO - Elementen met materiaalinfo: 3164
2026-04-20 13:44:02,011 - __main__ - INFO - ============================================================

2026-04-20 13:48:32,443 - __main__ - INFO - QUEST - BIM MATERIAALPROFILER
2026-04-20 13:48:32,444 - __main__ - INFO - 
============================================================
2026-04-20 13:48:32,444 - __main__ - INFO - STAP 0: IFC-BESTAND INLADEN EN VERSIE DETECTEREN
2026-04-20 13:48:32,444 - __main__ - INFO - ============================================================

2026-04-20 13:50:40,067 - __main__ - INFO - ============================================================
2026-04-20 13:50:40,067 - __main__ - INFO - STAP 0 - RESULTATEN
2026-04-20 13:50:40,067 - __main__ - INFO - ============================================================
2026-04-20 13:50:40,068 - __main__ - INFO - Bestand: C:\Users\cathy\Downloads\quest\2.3_bestand.ifc
2026-04-20 13:50:40,068 - __main__ - INFO - Bestandsgrootte: 988.70 MB
2026-04-20 13:50:40,068 - __main__ - INFO - Gedetecteerde versie: 2.3
2026-04-20 13:50:40,069 - __main__ - INFO - Aantal bouwkundige elementen-typen: 10
2026-04-20 13:50:40,069 - __main__ - INFO - ============================================================

2026-04-20 13:50:41,660 - __main__ - INFO - 
============================================================
2026-04-20 13:50:41,673 - __main__ - INFO - ============================================================
2026-04-20 13:50:41,673 - __main__ - INFO - Totaal elementen verzameld: 3623
2026-04-20 13:50:41,673 - __main__ - INFO - Elementen met materiaalinfo: 3164
2026-04-20 13:50:41,673 - __main__ - INFO - ============================================================

2026-04-20 13:55:03,189 - __main__ - INFO - 
==============================
2026-04-20 13:55:03,190 - __main__ - INFO - QUEST - BIM MATERIAALPROFILER
2026-04-20 13:55:03,190 - __main__ - INFO - ==============================

2026-04-20 13:55:03,190 - __main__ - INFO - 
============================================================
2026-04-20 13:55:03,190 - __main__ - INFO - STAP 0: IFC-BESTAND INLADEN EN VERSIE DETECTEREN
2026-04-20 13:55:03,191 - __main__ - INFO - ============================================================

2026-04-20 13:57:05,137 - __main__ - INFO - ============================================================
2026-04-20 13:57:05,137 - __main__ - INFO - STAP 0 - RESULTATEN
2026-04-20 13:57:05,137 - __main__ - INFO - ============================================================
2026-04-20 13:57:05,138 - __main__ - INFO - Bestand: C:\Users\cathy\Downloads\quest\2.3_bestand.ifc
2026-04-20 13:57:05,138 - __main__ - INFO - Bestandsgrootte: 988.70 MB
2026-04-20 13:57:05,139 - __main__ - INFO - Gedetecteerde versie: 2.3
2026-04-20 13:57:05,139 - __main__ - INFO - Aantal bouwkundige elementen-typen: 10
2026-04-20 13:57:05,139 - __main__ - INFO - ============================================================

2026-04-20 13:57:06,480 - __main__ - INFO - 
============================================================
2026-04-20 13:57:06,480 - __main__ - INFO - [OK] ALLE STAPPEN SUCCESVOL VOLTOOID
2026-04-20 13:57:06,480 - __main__ - INFO - ============================================================
2026-04-20 13:57:06,480 - __main__ - INFO - Totaal elementen verzameld: 3623
2026-04-20 13:57:06,480 - __main__ - INFO - Elementen met materiaalinfo: 3164
2026-04-20 13:57:06,480 - __main__ - INFO - ============================================================

2026-04-20 14:01:57,630 - __main__ - INFO - 
==============================
2026-04-20 14:01:57,630 - __main__ - INFO - QUEST - BIM MATERIAALPROFILER
2026-04-20 14:01:57,631 - __main__ - INFO - ==============================

2026-04-20 14:01:57,631 - __main__ - INFO - 
============================================================
2026-04-20 14:01:57,631 - __main__ - INFO - STAP 0: IFC-BESTAND INLADEN EN VERSIE DETECTEREN
2026-04-20 14:01:57,631 - __main__ - INFO - ============================================================

2026-04-20 14:04:16,516 - __main__ - INFO - ============================================================
2026-04-20 14:04:16,516 - __main__ - INFO - STAP 0 - RESULTATEN
2026-04-20 14:04:16,517 - __main__ - INFO - ============================================================
2026-04-20 14:04:16,517 - __main__ - INFO - Bestand: C:\Users\cathy\Downloads\quest\4.3_bestand.ifc
2026-04-20 14:04:16,517 - __main__ - INFO - Bestandsgrootte: 989.05 MB
2026-04-20 14:04:16,518 - __main__ - INFO - Gedetecteerde versie: 4.3
2026-04-20 14:04:16,518 - __main__ - INFO - Aantal bouwkundige elementen-typen: 10
2026-04-20 14:04:16,518 - __main__ - INFO - ============================================================

2026-04-20 14:04:52,079 - __main__ - INFO - 
============================================================
2026-04-20 14:04:52,079 - __main__ - INFO - [OK] ALLE STAPPEN SUCCESVOL VOLTOOID
2026-04-20 14:04:52,079 - __main__ - INFO - ============================================================
2026-04-20 14:04:52,079 - __main__ - INFO - Totaal elementen verzameld: 3922
2026-04-20 14:04:52,079 - __main__ - INFO - Elementen met materiaalinfo: 3014
2026-04-20 14:04:52,080 - __main__ - INFO - ============================================================

2026-04-23 13:51:38,805 - __main__ - ERROR - Kon IFC-bestand niet inladen. Stoppen.
2026-04-23 13:51:39,712 - __main__ - ERROR - Kon IFC-bestand niet inladen. Stoppen.
2026-04-23 15:30:15,476 - __main__ - ERROR - Kritieke fout: 'total_material_types'
