2026-04-23 13:54:24,290 - core.step_2.constituent_processor - WARNING - Element 6327763: Geen bekende materialen gevonden in constituent set
2026-04-23 13:54:24,292 - core.step_2.constituent_processor - WARNING - Element 6329313: Geen bekende materialen gevonden in constituent set
2026-04-23 13:54:24,293 - core.step_2.constituent_processor - WARNING - Element 6330212: Geen bekende materialen gevonden in constituent set
2026-04-23 13:54:24,294 - core.step_2.constituent_processor - WARNING - Element 6331760: Geen bekende materialen gevonden in constituent set
2026-04-23 13:54:24,294 - core.step_2.constituent_processor - WARNING - Element 6331830: Geen bekende materialen gevonden in constituent set
2026-04-23 13:54:24,295 - core.step_2.constituent_processor - WARNING - Element 6331900: Geen bekende materialen gevonden in constituent set
2026-04-23 13:54:24,295 - core.step_2.constituent_processor - WARNING - Element 6331926: Geen bekende materialen gevonden in constituent set
2026-04-23 13:54:24,296 - core.step_2.constituent_processor - WARNING - Element 6331952: Geen bekende materialen gevonden in constituent set
2026-04-23 13:54:24,296 - core.step_2.constituent_processor - WARNING - Element 6371260: Geen bekende materialen gevonden in constituent set
2026-04-23 13:54:24,296 - core.step_2.constituent_processor - WARNING - Element 6371286: Geen bekende materialen gevonden in constituent set
2026-04-23 13:54:24,297 - core.step_2.constituent_processor - WARNING - Element 6371312: Geen bekende materialen gevonden in constituent set
2026-04-23 13:54:24,297 - core.step_2.constituent_processor - WARNING - Element 6371338: Geen bekende materialen gevonden in constituent set
2026-04-23 13:54:24,298 - core.step_2.constituent_processor - WARNING - Element 15740685: Geen bekende materialen gevonden in constituent set
2026-04-23 13:54:24,298 - core.step_2.constituent_processor - WARNING - Element 15741584: Geen bekende materialen gevonden in constituent set
2026-04-23 13:54:24,299 - core.step_2.constituent_processor - WARNING - Element 15744315: Geen bekende materialen gevonden in constituent set
2026-04-23 13:54:24,299 - core.step_2.constituent_processor - WARNING - Element 15744341: Geen bekende materialen gevonden in constituent set
2026-04-23 13:54:24,300 - core.step_2.constituent_processor - WARNING - Element 15744367: Geen bekende materialen gevonden in constituent set
2026-04-23 13:54:24,300 - core.step_2.constituent_processor - WARNING - Element 15744393: Geen bekende materialen gevonden in constituent set
2026-04-23 13:54:24,301 - core.step_2.constituent_processor - WARNING - Element 15747515: Geen bekende materialen gevonden in constituent set
2026-04-23 13:54:24,301 - core.step_2.constituent_processor - WARNING - Element 15747541: Geen bekende materialen gevonden in constituent set
2026-04-23 13:54:24,301 - core.step_2.constituent_processor - WARNING - Element 15747567: Geen bekende materialen gevonden in constituent set
2026-04-23 13:54:24,302 - core.step_2.constituent_processor - WARNING - Element 15747593: Geen bekende materialen gevonden in constituent set
2026-04-23 13:54:24,302 - core.step_2.constituent_processor - WARNING - Element 15748112: Geen bekende materialen gevonden in constituent set
2026-04-23 13:54:24,303 - core.step_2.constituent_processor - WARNING - Element 15762461: Geen bekende materialen gevonden in constituent set
2026-04-23 13:54:24,303 - core.step_2.constituent_processor - WARNING - Element 15762771: Geen bekende materialen gevonden in constituent set
2026-04-23 13:54:24,304 - core.step_2.constituent_processor - WARNING - Element 15771326: Geen bekende materialen gevonden in constituent set
2026-04-23 13:54:24,304 - core.step_2.constituent_processor - WARNING - Element 15772225: Geen bekende materialen gevonden in constituent set
2026-04-23 13:54:24,305 - core.step_2.constituent_processor - WARNING - Element 15774974: Geen bekende materialen gevonden in constituent set
2026-04-23 13:54:24,305 - core.step_2.constituent_processor - WARNING - Element 15775000: Geen bekende materialen gevonden in constituent set
2026-04-23 13:54:24,305 - core.step_2.constituent_processor - WARNING - Element 15797733: Geen bekende materialen gevonden in constituent set
2026-04-23 13:54:24,306 - core.step_2.constituent_processor - WARNING - Element 15800253: Geen bekende materialen gevonden in constituent set
2026-04-23 13:54:24,306 - core.step_2.constituent_processor - WARNING - Element 15801801: Geen bekende materialen gevonden in constituent set
2026-04-23 13:54:24,307 - core.step_2.constituent_processor - WARNING - Element 15801827: Geen bekende materialen gevonden in constituent set
2026-04-23 13:54:24,307 - core.step_2.constituent_processor - WARNING - Element 15802251: Geen bekende materialen gevonden in constituent set
2026-04-23 13:54:24,308 - core.step_2.constituent_processor - WARNING - Element 15802404: Geen bekende materialen gevonden in constituent set
2026-04-23 13:54:24,308 - core.step_2.constituent_processor - WARNING - Element 15802430: Geen bekende materialen gevonden in constituent set
2026-04-23 13:54:24,309 - core.step_2.constituent_processor - WARNING - Element 15802703: Geen bekende materialen gevonden in constituent set
2026-04-23 13:54:24,309 - core.step_2.constituent_processor - WARNING - Element 15802729: Geen bekende materialen gevonden in constituent set
2026-04-23 13:54:24,310 - core.step_2.constituent_processor - WARNING - Element 15802755: Geen bekende materialen gevonden in constituent set
2026-04-23 13:54:24,310 - core.step_2.constituent_processor - WARNING - Element 18181209: Geen bekende materialen gevonden in constituent set
2026-04-23 13:54:24,312 - core.step_2.constituent_processor - WARNING - Element 19163051: Geen bekende materialen gevonden in constituent set
2026-04-23 13:54:24,312 - core.step_2.constituent_processor - WARNING - Element 19163077: Geen bekende materialen gevonden in constituent set
2026-04-23 13:54:24,312 - core.step_2.constituent_processor - WARNING - Element 19163103: Geen bekende materialen gevonden in constituent set
2026-04-23 13:54:24,313 - core.step_2.constituent_processor - WARNING - Element 19163129: Geen bekende materialen gevonden in constituent set
2026-04-23 13:54:24,313 - core.step_2.constituent_processor - WARNING - Element 19242157: Geen bekende materialen gevonden in constituent set
2026-04-23 13:54:24,314 - core.step_2.constituent_processor - WARNING - Element 19251204: Geen bekende materialen gevonden in constituent set
2026-04-23 13:54:24,314 - core.step_2.constituent_processor - WARNING - Element 19260199: Geen bekende materialen gevonden in constituent set
2026-04-23 13:54:24,314 - core.step_2.constituent_processor - WARNING - Element 19268829: Geen bekende materialen gevonden in constituent set
2026-04-23 13:54:24,314 - core.step_2.constituent_processor - WARNING - Element 19277528: Geen bekende materialen gevonden in constituent set
2026-04-23 13:54:24,315 - core.step_2.constituent_processor - WARNING - Element 19286768: Geen bekende materialen gevonden in constituent set
2026-04-23 13:54:24,458 - core.step_2.constituent_processor - WARNING - Element 2842915: Geen bekende materialen gevonden in constituent set
2026-04-23 13:54:24,458 - core.step_2.constituent_processor - WARNING - Element 2857270: Geen bekende materialen gevonden in constituent set
2026-04-23 13:54:24,458 - core.step_2.constituent_processor - WARNING - Element 2866624: Geen bekende materialen gevonden in constituent set
2026-04-23 13:54:24,459 - core.step_2.constituent_processor - WARNING - Element 2897905: Geen bekende materialen gevonden in constituent set
2026-04-23 13:54:24,459 - core.step_2.constituent_processor - WARNING - Element 2912200: Geen bekende materialen gevonden in constituent set
2026-04-23 13:54:24,460 - core.step_2.constituent_processor - WARNING - Element 2921508: Geen bekende materialen gevonden in constituent set
2026-04-23 13:54:24,465 - core.step_2.constituent_processor - WARNING - Element 4523017: Geen bekende materialen gevonden in constituent set
2026-04-23 13:54:24,466 - core.step_2.constituent_processor - WARNING - Element 4525772: Geen bekende materialen gevonden in constituent set
2026-04-23 13:54:24,469 - core.step_2.constituent_processor - WARNING - Element 4531082: Geen bekende materialen gevonden in constituent set
2026-04-23 13:54:24,472 - core.step_2.constituent_processor - WARNING - Element 4672296: Geen bekende materialen gevonden in constituent set
2026-04-23 13:54:24,477 - core.step_2.constituent_processor - WARNING - Element 4805788: Geen bekende materialen gevonden in constituent set
2026-04-23 13:54:24,478 - core.step_2.constituent_processor - WARNING - Element 4805895: Geen bekende materialen gevonden in constituent set
2026-04-23 13:54:24,481 - core.step_2.constituent_processor - WARNING - Element 4806262: Geen bekende materialen gevonden in constituent set
2026-04-23 13:54:24,482 - core.step_2.constituent_processor - WARNING - Element 4806490: Geen bekende materialen gevonden in constituent set
2026-04-23 13:54:24,489 - core.step_2.constituent_processor - WARNING - Element 4808233: Geen bekende materialen gevonden in constituent set
2026-04-23 13:54:24,492 - core.step_2.constituent_processor - WARNING - Element 4808470: Geen bekende materialen gevonden in constituent set
2026-04-23 13:54:24,499 - core.step_2.constituent_processor - WARNING - Element 4949942: Geen bekende materialen gevonden in constituent set
2026-04-23 13:54:24,500 - core.step_2.constituent_processor - WARNING - Element 4951381: Geen bekende materialen gevonden in constituent set
2026-04-23 13:54:24,506 - core.step_2.constituent_processor - WARNING - Element 4951757: Geen bekende materialen gevonden in constituent set
2026-04-23 13:54:24,511 - core.step_2.constituent_processor - WARNING - Element 6351150: Geen bekende materialen gevonden in constituent set
2026-04-23 13:54:24,512 - core.step_2.constituent_processor - WARNING - Element 6371581: Geen bekende materialen gevonden in constituent set
2026-04-23 13:54:24,516 - core.step_2.constituent_processor - WARNING - Element 6387122: Geen bekende materialen gevonden in constituent set
2026-04-23 13:54:24,516 - core.step_2.constituent_processor - WARNING - Element 6387275: Geen bekende materialen gevonden in constituent set
2026-04-23 13:54:24,519 - core.step_2.constituent_processor - WARNING - Element 6399029: Geen bekende materialen gevonden in constituent set
2026-04-23 13:54:24,519 - core.step_2.constituent_processor - WARNING - Element 6399184: Geen bekende materialen gevonden in constituent set
2026-04-23 13:54:24,527 - core.step_2.constituent_processor - WARNING - Element 6416058: Geen bekende materialen gevonden in constituent set
2026-04-23 13:54:24,531 - core.step_2.constituent_processor - WARNING - Element 6416671: Geen bekende materialen gevonden in constituent set
2026-04-23 13:54:24,538 - core.step_2.constituent_processor - WARNING - Element 6417818: Geen bekende materialen gevonden in constituent set
2026-04-23 13:54:24,544 - core.step_2.constituent_processor - WARNING - Element 6421745: Geen bekende materialen gevonden in constituent set
2026-04-23 13:54:24,545 - core.step_2.constituent_processor - WARNING - Element 6421811: Geen bekende materialen gevonden in constituent set
2026-04-23 13:54:24,545 - core.step_2.constituent_processor - WARNING - Element 6421826: Geen bekende materialen gevonden in constituent set
2026-04-23 13:54:24,546 - core.step_2.constituent_processor - WARNING - Element 6421840: Geen bekende materialen gevonden in constituent set
2026-04-23 13:54:24,546 - core.step_2.constituent_processor - WARNING - Element 6421899: Geen bekende materialen gevonden in constituent set
2026-04-23 13:54:24,547 - core.step_2.constituent_processor - WARNING - Element 6421915: Geen bekende materialen gevonden in constituent set
2026-04-23 13:54:24,548 - core.step_2.constituent_processor - WARNING - Element 15734267: Geen bekende materialen gevonden in constituent set
2026-04-23 13:54:24,549 - core.step_2.constituent_processor - WARNING - Element 15734527: Geen bekende materialen gevonden in constituent set
2026-04-23 13:54:24,549 - core.step_2.constituent_processor - WARNING - Element 15735063: Geen bekende materialen gevonden in constituent set
2026-04-23 13:54:24,551 - core.step_2.constituent_processor - WARNING - Element 15743799: Geen bekende materialen gevonden in constituent set
2026-04-23 13:54:24,552 - core.step_2.constituent_processor - WARNING - Element 15745819: Geen bekende materialen gevonden in constituent set
2026-04-23 13:54:24,553 - core.step_2.constituent_processor - WARNING - Element 15747706: Geen bekende materialen gevonden in constituent set
2026-04-23 13:54:24,553 - core.step_2.constituent_processor - WARNING - Element 15747935: Geen bekende materialen gevonden in constituent set
2026-04-23 13:54:24,554 - core.step_2.constituent_processor - WARNING - Element 15762319: Geen bekende materialen gevonden in constituent set
2026-04-23 13:54:24,554 - core.step_2.constituent_processor - WARNING - Element 15762575: Geen bekende materialen gevonden in constituent set
2026-04-23 13:54:24,554 - core.step_2.constituent_processor - WARNING - Element 15762594: Geen bekende materialen gevonden in constituent set
2026-04-23 13:54:24,555 - core.step_2.constituent_processor - WARNING - Element 15763593: Geen bekende materialen gevonden in constituent set
2026-04-23 13:54:24,555 - core.step_2.constituent_processor - WARNING - Element 15763791: Geen bekende materialen gevonden in constituent set
2026-04-23 13:54:24,556 - core.step_2.constituent_processor - WARNING - Element 15765632: Geen bekende materialen gevonden in constituent set
2026-04-23 13:54:24,556 - core.step_2.constituent_processor - WARNING - Element 15774201: Geen bekende materialen gevonden in constituent set
2026-04-23 13:54:24,557 - core.step_2.constituent_processor - WARNING - Element 15774399: Geen bekende materialen gevonden in constituent set
2026-04-23 13:54:24,558 - core.step_2.constituent_processor - WARNING - Element 15774629: Geen bekende materialen gevonden in constituent set
2026-04-23 13:54:24,559 - core.step_2.constituent_processor - WARNING - Element 15780035: Geen bekende materialen gevonden in constituent set
2026-04-23 13:54:24,560 - core.step_2.constituent_processor - WARNING - Element 15795333: Geen bekende materialen gevonden in constituent set
2026-04-23 13:54:24,561 - core.step_2.constituent_processor - WARNING - Element 15795483: Geen bekende materialen gevonden in constituent set
2026-04-23 13:54:24,562 - core.step_2.constituent_processor - WARNING - Element 15795524: Geen bekende materialen gevonden in constituent set
2026-04-23 13:54:24,562 - core.step_2.constituent_processor - WARNING - Element 15802108: Geen bekende materialen gevonden in constituent set
2026-04-23 13:54:24,563 - core.step_2.constituent_processor - WARNING - Element 15802332: Geen bekende materialen gevonden in constituent set
2026-04-23 13:54:24,578 - core.step_2.constituent_processor - WARNING - Element 17210688: Geen bekende materialen gevonden in constituent set
2026-04-23 13:54:24,585 - core.step_2.constituent_processor - WARNING - Element 17242477: Geen bekende materialen gevonden in constituent set
2026-04-23 13:54:24,585 - core.step_2.constituent_processor - WARNING - Element 17267610: Geen bekende materialen gevonden in constituent set
2026-04-23 13:54:24,586 - core.step_2.constituent_processor - WARNING - Element 17267647: Geen bekende materialen gevonden in constituent set
2026-04-23 13:54:24,586 - core.step_2.constituent_processor - WARNING - Element 17267683: Geen bekende materialen gevonden in constituent set
2026-04-23 13:54:24,586 - core.step_2.constituent_processor - WARNING - Element 17267719: Geen bekende materialen gevonden in constituent set
2026-04-23 13:54:24,587 - core.step_2.constituent_processor - WARNING - Element 17267755: Geen bekende materialen gevonden in constituent set
2026-04-23 13:54:24,587 - core.step_2.constituent_processor - WARNING - Element 17274610: Geen bekende materialen gevonden in constituent set
2026-04-23 13:54:24,587 - core.step_2.constituent_processor - WARNING - Element 17274626: Geen bekende materialen gevonden in constituent set
2026-04-23 13:54:24,588 - core.step_2.constituent_processor - WARNING - Element 17281427: Geen bekende materialen gevonden in constituent set
2026-04-23 13:54:24,588 - core.step_2.constituent_processor - WARNING - Element 17281442: Geen bekende materialen gevonden in constituent set
2026-04-23 13:54:24,604 - core.step_2.constituent_processor - WARNING - Element 18194192: Geen bekende materialen gevonden in constituent set
2026-04-23 13:54:24,605 - core.step_2.constituent_processor - WARNING - Element 18194211: Geen bekende materialen gevonden in constituent set
2026-04-23 13:54:24,608 - core.step_2.constituent_processor - WARNING - Element 18217355: Geen bekende materialen gevonden in constituent set
2026-04-23 13:54:24,608 - core.step_2.constituent_processor - WARNING - Element 18217369: Geen bekende materialen gevonden in constituent set
2026-04-23 13:54:24,610 - core.step_2.constituent_processor - WARNING - Element 18228693: Geen bekende materialen gevonden in constituent set
2026-04-23 13:54:24,610 - core.step_2.constituent_processor - WARNING - Element 18228707: Geen bekende materialen gevonden in constituent set
2026-04-23 13:54:24,611 - core.step_2.constituent_processor - WARNING - Element 18228742: Geen bekende materialen gevonden in constituent set
2026-04-23 13:54:24,611 - core.step_2.constituent_processor - WARNING - Element 18228756: Geen bekende materialen gevonden in constituent set
2026-04-23 13:54:24,613 - core.step_2.constituent_processor - WARNING - Element 19154498: Geen bekende materialen gevonden in constituent set
2026-04-23 13:54:24,614 - core.step_2.constituent_processor - WARNING - Element 19161722: Geen bekende materialen gevonden in constituent set
2026-04-23 13:54:24,615 - core.step_2.constituent_processor - WARNING - Element 19162507: Geen bekende materialen gevonden in constituent set
2026-04-23 13:54:24,615 - core.step_2.constituent_processor - WARNING - Element 19163155: Geen bekende materialen gevonden in constituent set
2026-04-23 13:54:24,622 - core.step_2.constituent_processor - WARNING - Element 19230909: Geen bekende materialen gevonden in constituent set
2026-04-23 13:54:24,622 - core.step_2.constituent_processor - WARNING - Element 19230923: Geen bekende materialen gevonden in constituent set
2026-04-23 13:54:24,623 - core.step_2.constituent_processor - WARNING - Element 19287175: Geen bekende materialen gevonden in constituent set
2026-04-23 13:54:24,623 - core.step_2.constituent_processor - WARNING - Element 19287237: Geen bekende materialen gevonden in constituent set
2026-04-23 13:54:24,623 - core.step_2.constituent_processor - WARNING - Element 19287298: Geen bekende materialen gevonden in constituent set
2026-04-23 13:54:24,623 - core.step_2.constituent_processor - WARNING - Element 19287359: Geen bekende materialen gevonden in constituent set
2026-04-23 13:54:24,624 - core.step_2.constituent_processor - WARNING - Element 19287421: Geen bekende materialen gevonden in constituent set
2026-04-23 13:54:24,624 - core.step_2.constituent_processor - WARNING - Element 19287437: Geen bekende materialen gevonden in constituent set
2026-04-23 13:54:24,624 - core.step_2.constituent_processor - WARNING - Element 19287497: Geen bekende materialen gevonden in constituent set
2026-04-23 13:54:24,624 - core.step_2.constituent_processor - WARNING - Element 19287559: Geen bekende materialen gevonden in constituent set
2026-04-23 13:54:24,625 - core.step_2.constituent_processor - WARNING - Element 19287620: Geen bekende materialen gevonden in constituent set
2026-04-23 13:54:24,625 - core.step_2.constituent_processor - WARNING - Element 19287680: Geen bekende materialen gevonden in constituent set
2026-04-23 13:54:24,625 - core.step_2.constituent_processor - WARNING - Element 19287741: Geen bekende materialen gevonden in constituent set
2026-04-23 13:54:24,636 - core.step_2.constituent_processor - WARNING - Element 19344977: Geen bekende materialen gevonden in constituent set
2026-04-23 13:54:24,637 - core.step_2.constituent_processor - WARNING - Element 19345395: Geen bekende materialen gevonden in constituent set
2026-04-23 13:54:24,637 - core.step_2.constituent_processor - WARNING - Element 19345805: Geen bekende materialen gevonden in constituent set
2026-04-23 13:54:24,637 - core.step_2.constituent_processor - WARNING - Element 19346215: Geen bekende materialen gevonden in constituent set
2026-04-23 13:54:24,638 - core.step_2.constituent_processor - WARNING - Element 19346625: Geen bekende materialen gevonden in constituent set
2026-04-23 13:54:24,638 - core.step_2.constituent_processor - WARNING - Element 19347028: Geen bekende materialen gevonden in constituent set
2026-04-23 13:54:24,647 - core.step_2.step_2_material_collector - INFO - Kolommen in materials_data: ['element_id', 'element_type', 'material_name', 'material_type', 'layer_thickness', 'layer_index', 'constituent_fraction', 'layerset_name', 'data_quality_flag', 'source', 'notes']
2026-04-23 13:54:24,648 - core.step_2.step_2_material_collector - INFO - Sample element_type waarden: <StringArray>
['IFCWALL', 'IFCDOOR', 'IFCWINDOW', 'IFCSLAB', 'IFCROOF']
Length: 5, dtype: str
2026-04-23 13:54:24,662 - core.step_2.step_2_material_collector - INFO - DataFrame shape: (2819, 11)
2026-04-23 13:54:24,662 - core.step_2.step_2_material_collector - INFO - Unieke element types: ['IFCWALL', 'IFCDOOR', 'IFCWINDOW', 'IFCSLAB', 'IFCROOF', 'IFCBUILDINGELEMENTPROXY', 'IFCCOVERING', 'IFCDUCTSEGMENT', 'IFCPIPESEGMENT']
2026-04-23 13:54:24,662 - core.step_2.step_2_material_collector - INFO - Cache statistieken: {'cache_hits': 0, 'cache_misses': 0, 'total_requests': 0, 'hit_rate': 0, 'materials_cached': 0, 'layersets_cached': 0, 'constituents_cached': 0}
