2026-04-16 16:18:31,918 - core.ifc_loader - INFO - Valideer IFC-bestand: C:\Users\cathy\Downloads\quest\2.3_bestand.ifc
2026-04-16 16:21:28,768 - core.version_detector - INFO - Start IFC-versie detectie...
2026-04-16 16:21:28,776 - core.version_strategies - INFO - IFC 2.3 strategie geladen
2026-04-16 16:21:28,783 - core.step_1_element_collector - INFO - 
============================================================
2026-04-16 16:21:28,784 - core.step_1_element_collector - INFO - STAP 1: ALLE BOUWKUNDIGE ELEMENTEN VERZAMELEN
2026-04-16 16:21:28,784 - core.step_1_element_collector - INFO - ============================================================

2026-04-16 16:21:28,786 - core.element_extractor - INFO - ============================================================
2026-04-16 16:21:28,786 - core.element_extractor - INFO - STAP 1: Bouwkundige elementen verzamelen
2026-04-16 16:21:28,786 - core.element_extractor - INFO - ============================================================
2026-04-16 16:21:28,787 - core.element_extractor - INFO - Stap 1.1: Parent-relatie map opbouwen...
2026-04-16 16:21:28,864 - core.element_extractor - INFO - Stap 1.2: Alle bouwkundige elementen ophalen...
2026-04-16 16:21:30,428 - core.element_extractor - WARNING - Kon elementen van type IFCDUCTSEGMENT niet ophalen: Entity with name 'IFCDUCTSEGMENT' not found in schema 'IFC2X3'
2026-04-16 16:21:30,429 - core.element_extractor - WARNING - Kon elementen van type IFCPIPESEGMENT niet ophalen: Entity with name 'IFCPIPESEGMENT' not found in schema 'IFC2X3'
2026-04-16 16:21:30,438 - core.element_extractor - INFO - Stap 1.3: Resultaten omzetten naar DataFrame...
2026-04-16 16:21:30,566 - core.element_extractor - INFO - ============================================================
2026-04-16 16:21:30,571 - core.completeness_reporter - INFO - Genereer volledigheidsrapport...
2026-04-16 16:21:30,665 - core.completeness_reporter - INFO - Rapport opgeslagen: C:\Users\cathy\Downloads\quest\output\step_1_completeness_report.json
2026-04-16 16:21:30,668 - core.completeness_reporter - INFO - ============================================================
2026-04-16 16:21:30,668 - core.completeness_reporter - INFO - VOLLEDIGHEIDSRAPPORT - GLOBAAL
2026-04-16 16:21:30,668 - core.completeness_reporter - INFO - ============================================================
2026-04-16 16:21:30,669 - core.completeness_reporter - INFO - Totaal elementen: 3623
2026-04-16 16:21:30,673 - core.completeness_reporter - INFO - ============================================================
2026-04-16 16:21:30,673 - core.completeness_reporter - INFO - VOLLEDIGHEIDSRAPPORT - PER ELEMENT-TYPE
2026-04-16 16:21:30,673 - core.completeness_reporter - INFO - ============================================================
2026-04-16 16:21:30,673 - core.completeness_reporter - INFO - 
IfcWall:
2026-04-16 16:21:30,681 - core.completeness_reporter - INFO - 
IfcWallStandardCase:
2026-04-16 16:21:30,689 - core.completeness_reporter - INFO - 
IfcDoor:
2026-04-16 16:21:30,695 - core.completeness_reporter - INFO - 
IfcWindow:
2026-04-16 16:21:30,703 - core.completeness_reporter - INFO - 
IfcBeam:
2026-04-16 16:21:30,710 - core.completeness_reporter - INFO - 
IfcSlab:
2026-04-16 16:21:30,716 - core.completeness_reporter - INFO - 
IfcMember:
2026-04-16 16:21:30,722 - core.completeness_reporter - INFO - 
IfcCurtainWall:
2026-04-16 16:21:30,734 - core.completeness_reporter - INFO - 
IfcRoof:
2026-04-16 16:21:30,741 - core.completeness_reporter - INFO - 
IfcBuildingElementProxy:
2026-04-16 16:21:30,748 - core.completeness_reporter - INFO - 
IfcCovering:
2026-04-16 16:21:30,754 - core.completeness_reporter - INFO - 
IfcRailing:
2026-04-16 16:21:30,760 - core.step_1_element_collector - INFO - Sla tussentijdse resultaten op...
2026-04-16 16:21:30,781 - core.step_1_element_collector - ERROR - Fout bij opslaan DataFrame: cannot pickle 'SwigPyObject' object
2026-04-16 16:21:30,781 - core.step_1_element_collector - ERROR - Fout in Stap 1: cannot pickle 'SwigPyObject' object
