2026-04-23 13:41:41,356 - core.step_2.constituent_processor - WARNING - Element 6327763: Geen bekende materialen gevonden in constituent set
2026-04-23 13:41:41,358 - core.step_2.constituent_processor - WARNING - Element 6329313: Geen bekende materialen gevonden in constituent set
2026-04-23 13:41:41,360 - core.step_2.constituent_processor - WARNING - Element 6330212: Geen bekende materialen gevonden in constituent set
2026-04-23 13:41:41,361 - core.step_2.constituent_processor - WARNING - Element 6331760: Geen bekende materialen gevonden in constituent set
2026-04-23 13:41:41,362 - core.step_2.constituent_processor - WARNING - Element 6331830: Geen bekende materialen gevonden in constituent set
2026-04-23 13:41:41,363 - core.step_2.constituent_processor - WARNING - Element 6331900: Geen bekende materialen gevonden in constituent set
2026-04-23 13:41:41,363 - core.step_2.constituent_processor - WARNING - Element 6331926: Geen bekende materialen gevonden in constituent set
2026-04-23 13:41:41,364 - core.step_2.constituent_processor - WARNING - Element 6331952: Geen bekende materialen gevonden in constituent set
2026-04-23 13:41:41,364 - core.step_2.constituent_processor - WARNING - Element 6371260: Geen bekende materialen gevonden in constituent set
2026-04-23 13:41:41,365 - core.step_2.constituent_processor - WARNING - Element 6371286: Geen bekende materialen gevonden in constituent set
2026-04-23 13:41:41,365 - core.step_2.constituent_processor - WARNING - Element 6371312: Geen bekende materialen gevonden in constituent set
2026-04-23 13:41:41,366 - core.step_2.constituent_processor - WARNING - Element 6371338: Geen bekende materialen gevonden in constituent set
2026-04-23 13:41:41,366 - core.step_2.constituent_processor - WARNING - Element 15740685: Geen bekende materialen gevonden in constituent set
2026-04-23 13:41:41,368 - core.step_2.constituent_processor - WARNING - Element 15741584: Geen bekende materialen gevonden in constituent set
2026-04-23 13:41:41,368 - core.step_2.constituent_processor - WARNING - Element 15744315: Geen bekende materialen gevonden in constituent set
2026-04-23 13:41:41,369 - core.step_2.constituent_processor - WARNING - Element 15744341: Geen bekende materialen gevonden in constituent set
2026-04-23 13:41:41,369 - core.step_2.constituent_processor - WARNING - Element 15744367: Geen bekende materialen gevonden in constituent set
2026-04-23 13:41:41,370 - core.step_2.constituent_processor - WARNING - Element 15744393: Geen bekende materialen gevonden in constituent set
2026-04-23 13:41:41,371 - core.step_2.constituent_processor - WARNING - Element 15747515: Geen bekende materialen gevonden in constituent set
2026-04-23 13:41:41,372 - core.step_2.constituent_processor - WARNING - Element 15747541: Geen bekende materialen gevonden in constituent set
2026-04-23 13:41:41,372 - core.step_2.constituent_processor - WARNING - Element 15747567: Geen bekende materialen gevonden in constituent set
2026-04-23 13:41:41,373 - core.step_2.constituent_processor - WARNING - Element 15747593: Geen bekende materialen gevonden in constituent set
2026-04-23 13:41:41,374 - core.step_2.constituent_processor - WARNING - Element 15748112: Geen bekende materialen gevonden in constituent set
2026-04-23 13:41:41,374 - core.step_2.constituent_processor - WARNING - Element 15762461: Geen bekende materialen gevonden in constituent set
2026-04-23 13:41:41,375 - core.step_2.constituent_processor - WARNING - Element 15762771: Geen bekende materialen gevonden in constituent set
2026-04-23 13:41:41,375 - core.step_2.constituent_processor - WARNING - Element 15771326: Geen bekende materialen gevonden in constituent set
2026-04-23 13:41:41,375 - core.step_2.constituent_processor - WARNING - Element 15772225: Geen bekende materialen gevonden in constituent set
2026-04-23 13:41:41,376 - core.step_2.constituent_processor - WARNING - Element 15774974: Geen bekende materialen gevonden in constituent set
2026-04-23 13:41:41,377 - core.step_2.constituent_processor - WARNING - Element 15775000: Geen bekende materialen gevonden in constituent set
2026-04-23 13:41:41,378 - core.step_2.constituent_processor - WARNING - Element 15797733: Geen bekende materialen gevonden in constituent set
2026-04-23 13:41:41,379 - core.step_2.constituent_processor - WARNING - Element 15800253: Geen bekende materialen gevonden in constituent set
2026-04-23 13:41:41,379 - core.step_2.constituent_processor - WARNING - Element 15801801: Geen bekende materialen gevonden in constituent set
2026-04-23 13:41:41,381 - core.step_2.constituent_processor - WARNING - Element 15801827: Geen bekende materialen gevonden in constituent set
2026-04-23 13:41:41,381 - core.step_2.constituent_processor - WARNING - Element 15802251: Geen bekende materialen gevonden in constituent set
2026-04-23 13:41:41,382 - core.step_2.constituent_processor - WARNING - Element 15802404: Geen bekende materialen gevonden in constituent set
2026-04-23 13:41:41,383 - core.step_2.constituent_processor - WARNING - Element 15802430: Geen bekende materialen gevonden in constituent set
2026-04-23 13:41:41,385 - core.step_2.constituent_processor - WARNING - Element 15802703: Geen bekende materialen gevonden in constituent set
2026-04-23 13:41:41,385 - core.step_2.constituent_processor - WARNING - Element 15802729: Geen bekende materialen gevonden in constituent set
2026-04-23 13:41:41,386 - core.step_2.constituent_processor - WARNING - Element 15802755: Geen bekende materialen gevonden in constituent set
2026-04-23 13:41:41,387 - core.step_2.constituent_processor - WARNING - Element 18181209: Geen bekende materialen gevonden in constituent set
2026-04-23 13:41:41,390 - core.step_2.constituent_processor - WARNING - Element 19163051: Geen bekende materialen gevonden in constituent set
2026-04-23 13:41:41,391 - core.step_2.constituent_processor - WARNING - Element 19163077: Geen bekende materialen gevonden in constituent set
2026-04-23 13:41:41,392 - core.step_2.constituent_processor - WARNING - Element 19163103: Geen bekende materialen gevonden in constituent set
2026-04-23 13:41:41,393 - core.step_2.constituent_processor - WARNING - Element 19163129: Geen bekende materialen gevonden in constituent set
2026-04-23 13:41:41,393 - core.step_2.constituent_processor - WARNING - Element 19242157: Geen bekende materialen gevonden in constituent set
2026-04-23 13:41:41,394 - core.step_2.constituent_processor - WARNING - Element 19251204: Geen bekende materialen gevonden in constituent set
2026-04-23 13:41:41,395 - core.step_2.constituent_processor - WARNING - Element 19260199: Geen bekende materialen gevonden in constituent set
2026-04-23 13:41:41,395 - core.step_2.constituent_processor - WARNING - Element 19268829: Geen bekende materialen gevonden in constituent set
2026-04-23 13:41:41,395 - core.step_2.constituent_processor - WARNING - Element 19277528: Geen bekende materialen gevonden in constituent set
2026-04-23 13:41:41,396 - core.step_2.constituent_processor - WARNING - Element 19286768: Geen bekende materialen gevonden in constituent set
2026-04-23 13:41:41,629 - core.step_2.constituent_processor - WARNING - Element 2842915: Geen bekende materialen gevonden in constituent set
2026-04-23 13:41:41,630 - core.step_2.constituent_processor - WARNING - Element 2857270: Geen bekende materialen gevonden in constituent set
2026-04-23 13:41:41,631 - core.step_2.constituent_processor - WARNING - Element 2866624: Geen bekende materialen gevonden in constituent set
2026-04-23 13:41:41,632 - core.step_2.constituent_processor - WARNING - Element 2897905: Geen bekende materialen gevonden in constituent set
2026-04-23 13:41:41,632 - core.step_2.constituent_processor - WARNING - Element 2912200: Geen bekende materialen gevonden in constituent set
2026-04-23 13:41:41,633 - core.step_2.constituent_processor - WARNING - Element 2921508: Geen bekende materialen gevonden in constituent set
2026-04-23 13:41:41,646 - core.step_2.constituent_processor - WARNING - Element 4523017: Geen bekende materialen gevonden in constituent set
2026-04-23 13:41:41,646 - core.step_2.constituent_processor - WARNING - Element 4525772: Geen bekende materialen gevonden in constituent set
2026-04-23 13:41:41,649 - core.step_2.constituent_processor - WARNING - Element 4531082: Geen bekende materialen gevonden in constituent set
2026-04-23 13:41:41,655 - core.step_2.constituent_processor - WARNING - Element 4672296: Geen bekende materialen gevonden in constituent set
2026-04-23 13:41:41,663 - core.step_2.constituent_processor - WARNING - Element 4805788: Geen bekende materialen gevonden in constituent set
2026-04-23 13:41:41,663 - core.step_2.constituent_processor - WARNING - Element 4805895: Geen bekende materialen gevonden in constituent set
2026-04-23 13:41:41,665 - core.step_2.constituent_processor - WARNING - Element 4806262: Geen bekende materialen gevonden in constituent set
2026-04-23 13:41:41,665 - core.step_2.constituent_processor - WARNING - Element 4806490: Geen bekende materialen gevonden in constituent set
2026-04-23 13:41:41,672 - core.step_2.constituent_processor - WARNING - Element 4808233: Geen bekende materialen gevonden in constituent set
2026-04-23 13:41:41,675 - core.step_2.constituent_processor - WARNING - Element 4808470: Geen bekende materialen gevonden in constituent set
2026-04-23 13:41:41,682 - core.step_2.constituent_processor - WARNING - Element 4949942: Geen bekende materialen gevonden in constituent set
2026-04-23 13:41:41,683 - core.step_2.constituent_processor - WARNING - Element 4951381: Geen bekende materialen gevonden in constituent set
2026-04-23 13:41:41,687 - core.step_2.constituent_processor - WARNING - Element 4951757: Geen bekende materialen gevonden in constituent set
2026-04-23 13:41:41,694 - core.step_2.constituent_processor - WARNING - Element 6351150: Geen bekende materialen gevonden in constituent set
2026-04-23 13:41:41,695 - core.step_2.constituent_processor - WARNING - Element 6371581: Geen bekende materialen gevonden in constituent set
2026-04-23 13:41:41,697 - core.step_2.constituent_processor - WARNING - Element 6387122: Geen bekende materialen gevonden in constituent set
2026-04-23 13:41:41,698 - core.step_2.constituent_processor - WARNING - Element 6387275: Geen bekende materialen gevonden in constituent set
2026-04-23 13:41:41,700 - core.step_2.constituent_processor - WARNING - Element 6399029: Geen bekende materialen gevonden in constituent set
2026-04-23 13:41:41,700 - core.step_2.constituent_processor - WARNING - Element 6399184: Geen bekende materialen gevonden in constituent set
2026-04-23 13:41:41,706 - core.step_2.constituent_processor - WARNING - Element 6416058: Geen bekende materialen gevonden in constituent set
2026-04-23 13:41:41,709 - core.step_2.constituent_processor - WARNING - Element 6416671: Geen bekende materialen gevonden in constituent set
2026-04-23 13:41:41,713 - core.step_2.constituent_processor - WARNING - Element 6417818: Geen bekende materialen gevonden in constituent set
2026-04-23 13:41:41,717 - core.step_2.constituent_processor - WARNING - Element 6421745: Geen bekende materialen gevonden in constituent set
2026-04-23 13:41:41,718 - core.step_2.constituent_processor - WARNING - Element 6421811: Geen bekende materialen gevonden in constituent set
2026-04-23 13:41:41,718 - core.step_2.constituent_processor - WARNING - Element 6421826: Geen bekende materialen gevonden in constituent set
2026-04-23 13:41:41,718 - core.step_2.constituent_processor - WARNING - Element 6421840: Geen bekende materialen gevonden in constituent set
2026-04-23 13:41:41,719 - core.step_2.constituent_processor - WARNING - Element 6421899: Geen bekende materialen gevonden in constituent set
2026-04-23 13:41:41,719 - core.step_2.constituent_processor - WARNING - Element 6421915: Geen bekende materialen gevonden in constituent set
2026-04-23 13:41:41,721 - core.step_2.constituent_processor - WARNING - Element 15734267: Geen bekende materialen gevonden in constituent set
2026-04-23 13:41:41,721 - core.step_2.constituent_processor - WARNING - Element 15734527: Geen bekende materialen gevonden in constituent set
2026-04-23 13:41:41,722 - core.step_2.constituent_processor - WARNING - Element 15735063: Geen bekende materialen gevonden in constituent set
2026-04-23 13:41:41,722 - core.step_2.constituent_processor - WARNING - Element 15743799: Geen bekende materialen gevonden in constituent set
2026-04-23 13:41:41,723 - core.step_2.constituent_processor - WARNING - Element 15745819: Geen bekende materialen gevonden in constituent set
2026-04-23 13:41:41,724 - core.step_2.constituent_processor - WARNING - Element 15747706: Geen bekende materialen gevonden in constituent set
2026-04-23 13:41:41,725 - core.step_2.constituent_processor - WARNING - Element 15747935: Geen bekende materialen gevonden in constituent set
2026-04-23 13:41:41,725 - core.step_2.constituent_processor - WARNING - Element 15762319: Geen bekende materialen gevonden in constituent set
2026-04-23 13:41:41,726 - core.step_2.constituent_processor - WARNING - Element 15762575: Geen bekende materialen gevonden in constituent set
2026-04-23 13:41:41,727 - core.step_2.constituent_processor - WARNING - Element 15762594: Geen bekende materialen gevonden in constituent set
2026-04-23 13:41:41,727 - core.step_2.constituent_processor - WARNING - Element 15763593: Geen bekende materialen gevonden in constituent set
2026-04-23 13:41:41,728 - core.step_2.constituent_processor - WARNING - Element 15763791: Geen bekende materialen gevonden in constituent set
2026-04-23 13:41:41,729 - core.step_2.constituent_processor - WARNING - Element 15765632: Geen bekende materialen gevonden in constituent set
2026-04-23 13:41:41,729 - core.step_2.constituent_processor - WARNING - Element 15774201: Geen bekende materialen gevonden in constituent set
2026-04-23 13:41:41,730 - core.step_2.constituent_processor - WARNING - Element 15774399: Geen bekende materialen gevonden in constituent set
2026-04-23 13:41:41,730 - core.step_2.constituent_processor - WARNING - Element 15774629: Geen bekende materialen gevonden in constituent set
2026-04-23 13:41:41,734 - core.step_2.constituent_processor - WARNING - Element 15780035: Geen bekende materialen gevonden in constituent set
2026-04-23 13:41:41,735 - core.step_2.constituent_processor - WARNING - Element 15795333: Geen bekende materialen gevonden in constituent set
2026-04-23 13:41:41,735 - core.step_2.constituent_processor - WARNING - Element 15795483: Geen bekende materialen gevonden in constituent set
2026-04-23 13:41:41,736 - core.step_2.constituent_processor - WARNING - Element 15795524: Geen bekende materialen gevonden in constituent set
2026-04-23 13:41:41,736 - core.step_2.constituent_processor - WARNING - Element 15802108: Geen bekende materialen gevonden in constituent set
2026-04-23 13:41:41,737 - core.step_2.constituent_processor - WARNING - Element 15802332: Geen bekende materialen gevonden in constituent set
2026-04-23 13:41:41,754 - core.step_2.constituent_processor - WARNING - Element 17210688: Geen bekende materialen gevonden in constituent set
2026-04-23 13:41:41,761 - core.step_2.constituent_processor - WARNING - Element 17242477: Geen bekende materialen gevonden in constituent set
2026-04-23 13:41:41,761 - core.step_2.constituent_processor - WARNING - Element 17267610: Geen bekende materialen gevonden in constituent set
2026-04-23 13:41:41,761 - core.step_2.constituent_processor - WARNING - Element 17267647: Geen bekende materialen gevonden in constituent set
2026-04-23 13:41:41,762 - core.step_2.constituent_processor - WARNING - Element 17267683: Geen bekende materialen gevonden in constituent set
2026-04-23 13:41:41,762 - core.step_2.constituent_processor - WARNING - Element 17267719: Geen bekende materialen gevonden in constituent set
2026-04-23 13:41:41,763 - core.step_2.constituent_processor - WARNING - Element 17267755: Geen bekende materialen gevonden in constituent set
2026-04-23 13:41:41,763 - core.step_2.constituent_processor - WARNING - Element 17274610: Geen bekende materialen gevonden in constituent set
2026-04-23 13:41:41,764 - core.step_2.constituent_processor - WARNING - Element 17274626: Geen bekende materialen gevonden in constituent set
2026-04-23 13:41:41,764 - core.step_2.constituent_processor - WARNING - Element 17281427: Geen bekende materialen gevonden in constituent set
2026-04-23 13:41:41,765 - core.step_2.constituent_processor - WARNING - Element 17281442: Geen bekende materialen gevonden in constituent set
2026-04-23 13:41:41,784 - core.step_2.constituent_processor - WARNING - Element 18194192: Geen bekende materialen gevonden in constituent set
2026-04-23 13:41:41,785 - core.step_2.constituent_processor - WARNING - Element 18194211: Geen bekende materialen gevonden in constituent set
2026-04-23 13:41:41,791 - core.step_2.constituent_processor - WARNING - Element 18217355: Geen bekende materialen gevonden in constituent set
2026-04-23 13:41:41,792 - core.step_2.constituent_processor - WARNING - Element 18217369: Geen bekende materialen gevonden in constituent set
2026-04-23 13:41:41,796 - core.step_2.constituent_processor - WARNING - Element 18228693: Geen bekende materialen gevonden in constituent set
2026-04-23 13:41:41,796 - core.step_2.constituent_processor - WARNING - Element 18228707: Geen bekende materialen gevonden in constituent set
2026-04-23 13:41:41,797 - core.step_2.constituent_processor - WARNING - Element 18228742: Geen bekende materialen gevonden in constituent set
2026-04-23 13:41:41,797 - core.step_2.constituent_processor - WARNING - Element 18228756: Geen bekende materialen gevonden in constituent set
2026-04-23 13:41:41,800 - core.step_2.constituent_processor - WARNING - Element 19154498: Geen bekende materialen gevonden in constituent set
2026-04-23 13:41:41,802 - core.step_2.constituent_processor - WARNING - Element 19161722: Geen bekende materialen gevonden in constituent set
2026-04-23 13:41:41,802 - core.step_2.constituent_processor - WARNING - Element 19162507: Geen bekende materialen gevonden in constituent set
2026-04-23 13:41:41,803 - core.step_2.constituent_processor - WARNING - Element 19163155: Geen bekende materialen gevonden in constituent set
2026-04-23 13:41:41,809 - core.step_2.constituent_processor - WARNING - Element 19230909: Geen bekende materialen gevonden in constituent set
2026-04-23 13:41:41,810 - core.step_2.constituent_processor - WARNING - Element 19230923: Geen bekende materialen gevonden in constituent set
2026-04-23 13:41:41,811 - core.step_2.constituent_processor - WARNING - Element 19287175: Geen bekende materialen gevonden in constituent set
2026-04-23 13:41:41,811 - core.step_2.constituent_processor - WARNING - Element 19287237: Geen bekende materialen gevonden in constituent set
2026-04-23 13:41:41,812 - core.step_2.constituent_processor - WARNING - Element 19287298: Geen bekende materialen gevonden in constituent set
2026-04-23 13:41:41,812 - core.step_2.constituent_processor - WARNING - Element 19287359: Geen bekende materialen gevonden in constituent set
2026-04-23 13:41:41,812 - core.step_2.constituent_processor - WARNING - Element 19287421: Geen bekende materialen gevonden in constituent set
2026-04-23 13:41:41,813 - core.step_2.constituent_processor - WARNING - Element 19287437: Geen bekende materialen gevonden in constituent set
2026-04-23 13:41:41,813 - core.step_2.constituent_processor - WARNING - Element 19287497: Geen bekende materialen gevonden in constituent set
2026-04-23 13:41:41,813 - core.step_2.constituent_processor - WARNING - Element 19287559: Geen bekende materialen gevonden in constituent set
2026-04-23 13:41:41,814 - core.step_2.constituent_processor - WARNING - Element 19287620: Geen bekende materialen gevonden in constituent set
2026-04-23 13:41:41,814 - core.step_2.constituent_processor - WARNING - Element 19287680: Geen bekende materialen gevonden in constituent set
2026-04-23 13:41:41,814 - core.step_2.constituent_processor - WARNING - Element 19287741: Geen bekende materialen gevonden in constituent set
2026-04-23 13:41:41,826 - core.step_2.constituent_processor - WARNING - Element 19344977: Geen bekende materialen gevonden in constituent set
2026-04-23 13:41:41,827 - core.step_2.constituent_processor - WARNING - Element 19345395: Geen bekende materialen gevonden in constituent set
2026-04-23 13:41:41,827 - core.step_2.constituent_processor - WARNING - Element 19345805: Geen bekende materialen gevonden in constituent set
2026-04-23 13:41:41,828 - core.step_2.constituent_processor - WARNING - Element 19346215: Geen bekende materialen gevonden in constituent set
2026-04-23 13:41:41,828 - core.step_2.constituent_processor - WARNING - Element 19346625: Geen bekende materialen gevonden in constituent set
2026-04-23 13:41:41,828 - core.step_2.constituent_processor - WARNING - Element 19347028: Geen bekende materialen gevonden in constituent set
2026-04-23 13:41:41,838 - core.step_2.step_2_material_collector - INFO - Kolommen in materials_data: ['element_id', 'element_type', 'material_name', 'material_type', 'layer_thickness', 'layer_index', 'constituent_fraction', 'layerset_name', 'data_quality_flag', 'source', 'notes']
2026-04-23 13:41:41,840 - core.step_2.step_2_material_collector - INFO - Sample element_type waarden: <StringArray>
['IFCWALL', 'IFCDOOR', 'IFCWINDOW', 'IFCSLAB', 'IFCROOF']
Length: 5, dtype: str
2026-04-23 13:41:41,853 - core.step_2.step_2_material_collector - INFO - DataFrame shape: (2819, 11)
2026-04-23 13:41:41,853 - core.step_2.step_2_material_collector - INFO - Unieke element types: ['IFCWALL', 'IFCDOOR', 'IFCWINDOW', 'IFCSLAB', 'IFCROOF', 'IFCBUILDINGELEMENTPROXY', 'IFCCOVERING', 'IFCDUCTSEGMENT', 'IFCPIPESEGMENT']
2026-04-23 13:41:41,853 - core.step_2.step_2_material_collector - INFO - Cache statistieken: {'cache_hits': 0, 'cache_misses': 0, 'total_requests': 0, 'hit_rate': 0, 'materials_cached': 0, 'layersets_cached': 0, 'constituents_cached': 0}
