2026-04-23 15:30:01,569 - core.step_2.step_2_material_collector - INFO - Gefilterd: 3849 van 3922 elementen, 73 skipped
2026-04-23 15:30:01,644 - core.step_2.performance_optimizer - INFO - Start batch verwerking: 3849 elementen, batch_size=500
2026-04-23 15:30:02,903 - core.step_2.constituent_processor - WARNING - Element 6327763: Geen bekende materialen gevonden in constituent set
2026-04-23 15:30:03,045 - core.step_2.constituent_processor - WARNING - Element 6329313: Geen bekende materialen gevonden in constituent set
2026-04-23 15:30:03,169 - core.step_2.constituent_processor - WARNING - Element 2842915: Geen bekende materialen gevonden in constituent set
2026-04-23 15:30:03,187 - core.step_2.constituent_processor - WARNING - Element 6330212: Geen bekende materialen gevonden in constituent set
2026-04-23 15:30:03,201 - core.step_2.constituent_processor - WARNING - Element 4949942: Geen bekende materialen gevonden in constituent set
2026-04-23 15:30:03,222 - core.step_2.constituent_processor - WARNING - Element 2857270: Geen bekende materialen gevonden in constituent set
2026-04-23 15:30:03,252 - core.step_2.constituent_processor - WARNING - Element 6331760: Geen bekende materialen gevonden in constituent set
2026-04-23 15:30:03,280 - core.step_2.constituent_processor - WARNING - Element 4951381: Geen bekende materialen gevonden in constituent set
2026-04-23 15:30:03,312 - core.step_2.constituent_processor - WARNING - Element 2866624: Geen bekende materialen gevonden in constituent set
2026-04-23 15:30:03,328 - core.step_2.constituent_processor - WARNING - Element 6331830: Geen bekende materialen gevonden in constituent set
2026-04-23 15:30:03,329 - core.step_2.constituent_processor - WARNING - Element 18194192: Geen bekende materialen gevonden in constituent set
2026-04-23 15:30:03,342 - core.step_2.constituent_processor - WARNING - Element 4951757: Geen bekende materialen gevonden in constituent set
2026-04-23 15:30:03,345 - core.step_2.constituent_processor - WARNING - Element 2897905: Geen bekende materialen gevonden in constituent set
2026-04-23 15:30:03,346 - core.step_2.constituent_processor - WARNING - Element 6331900: Geen bekende materialen gevonden in constituent set
2026-04-23 15:30:03,347 - core.step_2.constituent_processor - WARNING - Element 18194211: Geen bekende materialen gevonden in constituent set
2026-04-23 15:30:03,360 - core.step_2.constituent_processor - WARNING - Element 2912200: Geen bekende materialen gevonden in constituent set
2026-04-23 15:30:03,370 - core.step_2.constituent_processor - WARNING - Element 6351150: Geen bekende materialen gevonden in constituent set
2026-04-23 15:30:03,371 - core.step_2.constituent_processor - WARNING - Element 6331926: Geen bekende materialen gevonden in constituent set
2026-04-23 15:30:03,388 - core.step_2.constituent_processor - WARNING - Element 18217355: Geen bekende materialen gevonden in constituent set
2026-04-23 15:30:03,389 - core.step_2.constituent_processor - WARNING - Element 2921508: Geen bekende materialen gevonden in constituent set
2026-04-23 15:30:03,392 - core.step_2.constituent_processor - WARNING - Element 6371581: Geen bekende materialen gevonden in constituent set
2026-04-23 15:30:03,393 - core.step_2.constituent_processor - WARNING - Element 6331952: Geen bekende materialen gevonden in constituent set
2026-04-23 15:30:03,394 - core.step_2.constituent_processor - WARNING - Element 18217369: Geen bekende materialen gevonden in constituent set
2026-04-23 15:30:03,418 - core.step_2.constituent_processor - WARNING - Element 4523017: Geen bekende materialen gevonden in constituent set
2026-04-23 15:30:03,453 - core.step_2.constituent_processor - WARNING - Element 6371260: Geen bekende materialen gevonden in constituent set
2026-04-23 15:30:03,453 - core.step_2.constituent_processor - WARNING - Element 6387122: Geen bekende materialen gevonden in constituent set
2026-04-23 15:30:03,457 - core.step_2.constituent_processor - WARNING - Element 18228693: Geen bekende materialen gevonden in constituent set
2026-04-23 15:30:03,458 - core.step_2.constituent_processor - WARNING - Element 4525772: Geen bekende materialen gevonden in constituent set
2026-04-23 15:30:03,460 - core.step_2.constituent_processor - WARNING - Element 6371286: Geen bekende materialen gevonden in constituent set
2026-04-23 15:30:03,462 - core.step_2.constituent_processor - WARNING - Element 6387275: Geen bekende materialen gevonden in constituent set
2026-04-23 15:30:03,463 - core.step_2.constituent_processor - WARNING - Element 18228707: Geen bekende materialen gevonden in constituent set
2026-04-23 15:30:03,478 - core.step_2.constituent_processor - WARNING - Element 4531082: Geen bekende materialen gevonden in constituent set
2026-04-23 15:30:03,481 - core.step_2.constituent_processor - WARNING - Element 6371312: Geen bekende materialen gevonden in constituent set
2026-04-23 15:30:03,488 - core.step_2.constituent_processor - WARNING - Element 6399029: Geen bekende materialen gevonden in constituent set
2026-04-23 15:30:03,489 - core.step_2.constituent_processor - WARNING - Element 18228742: Geen bekende materialen gevonden in constituent set
2026-04-23 15:30:03,505 - core.step_2.constituent_processor - WARNING - Element 4672296: Geen bekende materialen gevonden in constituent set
2026-04-23 15:30:03,507 - core.step_2.constituent_processor - WARNING - Element 6371338: Geen bekende materialen gevonden in constituent set
2026-04-23 15:30:03,509 - core.step_2.constituent_processor - WARNING - Element 6399184: Geen bekende materialen gevonden in constituent set
2026-04-23 15:30:03,510 - core.step_2.constituent_processor - WARNING - Element 18228756: Geen bekende materialen gevonden in constituent set
2026-04-23 15:30:03,531 - core.step_2.constituent_processor - WARNING - Element 15740685: Geen bekende materialen gevonden in constituent set
2026-04-23 15:30:03,536 - core.step_2.constituent_processor - WARNING - Element 4805788: Geen bekende materialen gevonden in constituent set
2026-04-23 15:30:03,567 - core.step_2.constituent_processor - WARNING - Element 19154498: Geen bekende materialen gevonden in constituent set
2026-04-23 15:30:03,567 - core.step_2.constituent_processor - WARNING - Element 6416058: Geen bekende materialen gevonden in constituent set
2026-04-23 15:30:03,568 - core.step_2.constituent_processor - WARNING - Element 15741584: Geen bekende materialen gevonden in constituent set
2026-04-23 15:30:03,569 - core.step_2.constituent_processor - WARNING - Element 4805895: Geen bekende materialen gevonden in constituent set
2026-04-23 15:30:03,571 - core.step_2.constituent_processor - WARNING - Element 19161722: Geen bekende materialen gevonden in constituent set
2026-04-23 15:30:03,574 - core.step_2.constituent_processor - WARNING - Element 6416671: Geen bekende materialen gevonden in constituent set
2026-04-23 15:30:03,575 - core.step_2.constituent_processor - WARNING - Element 15744315: Geen bekende materialen gevonden in constituent set
2026-04-23 15:30:03,581 - core.step_2.constituent_processor - WARNING - Element 4806262: Geen bekende materialen gevonden in constituent set
2026-04-23 15:30:03,584 - core.step_2.constituent_processor - WARNING - Element 19162507: Geen bekende materialen gevonden in constituent set
2026-04-23 15:30:03,612 - core.step_2.constituent_processor - WARNING - Element 6417818: Geen bekende materialen gevonden in constituent set
2026-04-23 15:30:03,613 - core.step_2.constituent_processor - WARNING - Element 15744341: Geen bekende materialen gevonden in constituent set
2026-04-23 15:30:03,614 - core.step_2.constituent_processor - WARNING - Element 4806490: Geen bekende materialen gevonden in constituent set
2026-04-23 15:30:03,618 - core.step_2.constituent_processor - WARNING - Element 19163155: Geen bekende materialen gevonden in constituent set
2026-04-23 15:30:03,631 - core.step_2.constituent_processor - WARNING - Element 6421745: Geen bekende materialen gevonden in constituent set
2026-04-23 15:30:03,632 - core.step_2.constituent_processor - WARNING - Element 15744367: Geen bekende materialen gevonden in constituent set
2026-04-23 15:30:03,646 - core.step_2.constituent_processor - WARNING - Element 4808233: Geen bekende materialen gevonden in constituent set
2026-04-23 15:30:03,657 - core.step_2.constituent_processor - WARNING - Element 19230909: Geen bekende materialen gevonden in constituent set
2026-04-23 15:30:03,657 - core.step_2.constituent_processor - WARNING - Element 6421811: Geen bekende materialen gevonden in constituent set
2026-04-23 15:30:03,658 - core.step_2.constituent_processor - WARNING - Element 15744393: Geen bekende materialen gevonden in constituent set
2026-04-23 15:30:03,661 - core.step_2.constituent_processor - WARNING - Element 4808470: Geen bekende materialen gevonden in constituent set
2026-04-23 15:30:03,661 - core.step_2.constituent_processor - WARNING - Element 19230923: Geen bekende materialen gevonden in constituent set
2026-04-23 15:30:03,662 - core.step_2.constituent_processor - WARNING - Element 6421826: Geen bekende materialen gevonden in constituent set
2026-04-23 15:30:03,664 - core.step_2.constituent_processor - WARNING - Element 15747515: Geen bekende materialen gevonden in constituent set
2026-04-23 15:30:03,679 - core.step_2.constituent_processor - WARNING - Element 19287175: Geen bekende materialen gevonden in constituent set
2026-04-23 15:30:03,680 - core.step_2.constituent_processor - WARNING - Element 6421840: Geen bekende materialen gevonden in constituent set
2026-04-23 15:30:03,682 - core.step_2.constituent_processor - WARNING - Element 15747541: Geen bekende materialen gevonden in constituent set
2026-04-23 15:30:03,683 - core.step_2.constituent_processor - WARNING - Element 19287237: Geen bekende materialen gevonden in constituent set
2026-04-23 15:30:03,683 - core.step_2.constituent_processor - WARNING - Element 6421899: Geen bekende materialen gevonden in constituent set
2026-04-23 15:30:03,684 - core.step_2.constituent_processor - WARNING - Element 15747567: Geen bekende materialen gevonden in constituent set
2026-04-23 15:30:03,685 - core.step_2.constituent_processor - WARNING - Element 19287298: Geen bekende materialen gevonden in constituent set
2026-04-23 15:30:03,686 - core.step_2.constituent_processor - WARNING - Element 6421915: Geen bekende materialen gevonden in constituent set
2026-04-23 15:30:03,688 - core.step_2.constituent_processor - WARNING - Element 15747593: Geen bekende materialen gevonden in constituent set
2026-04-23 15:30:03,688 - core.step_2.constituent_processor - WARNING - Element 19287359: Geen bekende materialen gevonden in constituent set
2026-04-23 15:30:03,690 - core.step_2.constituent_processor - WARNING - Element 15734267: Geen bekende materialen gevonden in constituent set
2026-04-23 15:30:03,690 - core.step_2.constituent_processor - WARNING - Element 15748112: Geen bekende materialen gevonden in constituent set
2026-04-23 15:30:03,691 - core.step_2.constituent_processor - WARNING - Element 19287421: Geen bekende materialen gevonden in constituent set
2026-04-23 15:30:03,692 - core.step_2.constituent_processor - WARNING - Element 15734527: Geen bekende materialen gevonden in constituent set
2026-04-23 15:30:03,693 - core.step_2.constituent_processor - WARNING - Element 15762461: Geen bekende materialen gevonden in constituent set
2026-04-23 15:30:03,695 - core.step_2.constituent_processor - WARNING - Element 19287437: Geen bekende materialen gevonden in constituent set
2026-04-23 15:30:03,696 - core.step_2.constituent_processor - WARNING - Element 15735063: Geen bekende materialen gevonden in constituent set
2026-04-23 15:30:03,697 - core.step_2.constituent_processor - WARNING - Element 15762771: Geen bekende materialen gevonden in constituent set
2026-04-23 15:30:03,698 - core.step_2.constituent_processor - WARNING - Element 19287497: Geen bekende materialen gevonden in constituent set
2026-04-23 15:30:03,701 - core.step_2.constituent_processor - WARNING - Element 15743799: Geen bekende materialen gevonden in constituent set
2026-04-23 15:30:03,702 - core.step_2.constituent_processor - WARNING - Element 15771326: Geen bekende materialen gevonden in constituent set
2026-04-23 15:30:03,705 - core.step_2.constituent_processor - WARNING - Element 19287559: Geen bekende materialen gevonden in constituent set
2026-04-23 15:30:03,706 - core.step_2.constituent_processor - WARNING - Element 15745819: Geen bekende materialen gevonden in constituent set
2026-04-23 15:30:03,708 - core.step_2.constituent_processor - WARNING - Element 15772225: Geen bekende materialen gevonden in constituent set
2026-04-23 15:30:03,709 - core.step_2.constituent_processor - WARNING - Element 19287620: Geen bekende materialen gevonden in constituent set
2026-04-23 15:30:03,710 - core.step_2.constituent_processor - WARNING - Element 15747706: Geen bekende materialen gevonden in constituent set
2026-04-23 15:30:03,712 - core.step_2.constituent_processor - WARNING - Element 15774974: Geen bekende materialen gevonden in constituent set
2026-04-23 15:30:03,718 - core.step_2.constituent_processor - WARNING - Element 15775000: Geen bekende materialen gevonden in constituent set
2026-04-23 15:30:03,713 - core.step_2.constituent_processor - WARNING - Element 15747935: Geen bekende materialen gevonden in constituent set
2026-04-23 15:30:03,713 - core.step_2.constituent_processor - WARNING - Element 19287680: Geen bekende materialen gevonden in constituent set
2026-04-23 15:30:03,720 - core.step_2.constituent_processor - WARNING - Element 15797733: Geen bekende materialen gevonden in constituent set
2026-04-23 15:30:03,720 - core.step_2.constituent_processor - WARNING - Element 15762319: Geen bekende materialen gevonden in constituent set
2026-04-23 15:30:03,722 - core.step_2.constituent_processor - WARNING - Element 19287741: Geen bekende materialen gevonden in constituent set
2026-04-23 15:30:03,723 - core.step_2.constituent_processor - WARNING - Element 15800253: Geen bekende materialen gevonden in constituent set
2026-04-23 15:30:03,723 - core.step_2.constituent_processor - WARNING - Element 15762575: Geen bekende materialen gevonden in constituent set
2026-04-23 15:30:03,756 - core.step_2.constituent_processor - WARNING - Element 19344977: Geen bekende materialen gevonden in constituent set
2026-04-23 15:30:03,757 - core.step_2.constituent_processor - WARNING - Element 15801801: Geen bekende materialen gevonden in constituent set
2026-04-23 15:30:03,758 - core.step_2.constituent_processor - WARNING - Element 15762594: Geen bekende materialen gevonden in constituent set
2026-04-23 15:30:03,760 - core.step_2.constituent_processor - WARNING - Element 15763593: Geen bekende materialen gevonden in constituent set
2026-04-23 15:30:03,761 - core.step_2.constituent_processor - WARNING - Element 15763791: Geen bekende materialen gevonden in constituent set
2026-04-23 15:30:03,758 - core.step_2.constituent_processor - WARNING - Element 19345395: Geen bekende materialen gevonden in constituent set
2026-04-23 15:30:03,759 - core.step_2.constituent_processor - WARNING - Element 15801827: Geen bekende materialen gevonden in constituent set
2026-04-23 15:30:03,764 - core.step_2.constituent_processor - WARNING - Element 15802251: Geen bekende materialen gevonden in constituent set
2026-04-23 15:30:03,764 - core.step_2.constituent_processor - WARNING - Element 19345805: Geen bekende materialen gevonden in constituent set
2026-04-23 15:30:03,763 - core.step_2.constituent_processor - WARNING - Element 15765632: Geen bekende materialen gevonden in constituent set
2026-04-23 15:30:03,765 - core.step_2.constituent_processor - WARNING - Element 15802404: Geen bekende materialen gevonden in constituent set
2026-04-23 15:30:03,766 - core.step_2.constituent_processor - WARNING - Element 19346215: Geen bekende materialen gevonden in constituent set
2026-04-23 15:30:03,767 - core.step_2.constituent_processor - WARNING - Element 15774201: Geen bekende materialen gevonden in constituent set
2026-04-23 15:30:03,769 - core.step_2.constituent_processor - WARNING - Element 15802430: Geen bekende materialen gevonden in constituent set
2026-04-23 15:30:03,770 - core.step_2.constituent_processor - WARNING - Element 19346625: Geen bekende materialen gevonden in constituent set
2026-04-23 15:30:03,770 - core.step_2.constituent_processor - WARNING - Element 15774399: Geen bekende materialen gevonden in constituent set
2026-04-23 15:30:03,771 - core.step_2.constituent_processor - WARNING - Element 15802703: Geen bekende materialen gevonden in constituent set
2026-04-23 15:30:03,772 - core.step_2.constituent_processor - WARNING - Element 19347028: Geen bekende materialen gevonden in constituent set
2026-04-23 15:30:03,773 - core.step_2.constituent_processor - WARNING - Element 15774629: Geen bekende materialen gevonden in constituent set
2026-04-23 15:30:03,774 - core.step_2.constituent_processor - WARNING - Element 15802729: Geen bekende materialen gevonden in constituent set
2026-04-23 15:30:03,782 - core.step_2.constituent_processor - WARNING - Element 15780035: Geen bekende materialen gevonden in constituent set
2026-04-23 15:30:03,783 - core.step_2.constituent_processor - WARNING - Element 15802755: Geen bekende materialen gevonden in constituent set
2026-04-23 15:30:03,784 - core.step_2.constituent_processor - WARNING - Element 15795333: Geen bekende materialen gevonden in constituent set
2026-04-23 15:30:03,787 - core.step_2.constituent_processor - WARNING - Element 18181209: Geen bekende materialen gevonden in constituent set
2026-04-23 15:30:03,788 - core.step_2.constituent_processor - WARNING - Element 15795483: Geen bekende materialen gevonden in constituent set
2026-04-23 15:30:03,793 - core.step_2.constituent_processor - WARNING - Element 19163051: Geen bekende materialen gevonden in constituent set
2026-04-23 15:30:03,794 - core.step_2.constituent_processor - WARNING - Element 15795524: Geen bekende materialen gevonden in constituent set
2026-04-23 15:30:03,796 - core.step_2.constituent_processor - WARNING - Element 15802108: Geen bekende materialen gevonden in constituent set
2026-04-23 15:30:03,796 - core.step_2.constituent_processor - WARNING - Element 19163077: Geen bekende materialen gevonden in constituent set
2026-04-23 15:30:03,798 - core.step_2.constituent_processor - WARNING - Element 15802332: Geen bekende materialen gevonden in constituent set
2026-04-23 15:30:03,801 - core.step_2.constituent_processor - WARNING - Element 19163103: Geen bekende materialen gevonden in constituent set
2026-04-23 15:30:03,845 - core.step_2.constituent_processor - WARNING - Element 19163129: Geen bekende materialen gevonden in constituent set
2026-04-23 15:30:03,856 - core.step_2.constituent_processor - WARNING - Element 17210688: Geen bekende materialen gevonden in constituent set
2026-04-23 15:30:03,857 - core.step_2.constituent_processor - WARNING - Element 19242157: Geen bekende materialen gevonden in constituent set
2026-04-23 15:30:03,872 - core.step_2.constituent_processor - WARNING - Element 17242477: Geen bekende materialen gevonden in constituent set
2026-04-23 15:30:03,873 - core.step_2.constituent_processor - WARNING - Element 19251204: Geen bekende materialen gevonden in constituent set
2026-04-23 15:30:03,874 - core.step_2.constituent_processor - WARNING - Element 17267610: Geen bekende materialen gevonden in constituent set
2026-04-23 15:30:03,875 - core.step_2.constituent_processor - WARNING - Element 19260199: Geen bekende materialen gevonden in constituent set
2026-04-23 15:30:03,876 - core.step_2.constituent_processor - WARNING - Element 17267647: Geen bekende materialen gevonden in constituent set
2026-04-23 15:30:03,876 - core.step_2.constituent_processor - WARNING - Element 19268829: Geen bekende materialen gevonden in constituent set
2026-04-23 15:30:03,878 - core.step_2.constituent_processor - WARNING - Element 19277528: Geen bekende materialen gevonden in constituent set
2026-04-23 15:30:03,877 - core.step_2.constituent_processor - WARNING - Element 17267683: Geen bekende materialen gevonden in constituent set
2026-04-23 15:30:03,879 - core.step_2.constituent_processor - WARNING - Element 19286768: Geen bekende materialen gevonden in constituent set
2026-04-23 15:30:03,879 - core.step_2.constituent_processor - WARNING - Element 17267719: Geen bekende materialen gevonden in constituent set
2026-04-23 15:30:03,889 - core.step_2.constituent_processor - WARNING - Element 17267755: Geen bekende materialen gevonden in constituent set
2026-04-23 15:30:03,889 - core.step_2.constituent_processor - WARNING - Element 17274610: Geen bekende materialen gevonden in constituent set
2026-04-23 15:30:03,890 - core.step_2.constituent_processor - WARNING - Element 17274626: Geen bekende materialen gevonden in constituent set
2026-04-23 15:30:03,891 - core.step_2.constituent_processor - WARNING - Element 17281427: Geen bekende materialen gevonden in constituent set
2026-04-23 15:30:03,892 - core.step_2.constituent_processor - WARNING - Element 17281442: Geen bekende materialen gevonden in constituent set
2026-04-23 15:30:03,925 - core.step_2.performance_optimizer - INFO - Batch verwerking voltooid: 2819 geslaagd, 0 fouten
2026-04-23 15:30:03,929 - core.step_2.step_2_material_collector - INFO - Totaal materiaalkoppelingen: 2819
2026-04-23 15:30:03,948 - core.step_2.data_joiner - INFO - Start join: 3922 elementen + 2819 materiaalrijen
2026-04-23 15:30:03,998 - core.step_2.data_joiner - INFO - Join voltooid: 3922 rijen
2026-04-23 15:30:04,002 - core.step_2.data_joiner - INFO - Validatie: 0 elementen met materiaal, 3922 zonder
2026-04-23 15:30:04,020 - core.step_2.data_joiner - INFO - Sheet 'IfcWall': 1367 rijen
2026-04-23 15:30:04,035 - core.step_2.data_joiner - INFO - Sheet 'IfcDoor': 108 rijen
2026-04-23 15:30:04,045 - core.step_2.data_joiner - INFO - Sheet 'IfcWindow': 441 rijen
2026-04-23 15:30:04,053 - core.step_2.data_joiner - INFO - Sheet 'IfcBeam': 37 rijen
2026-04-23 15:30:04,059 - core.step_2.data_joiner - INFO - Sheet 'IfcSlab': 371 rijen
2026-04-23 15:30:04,069 - core.step_2.data_joiner - INFO - Sheet 'IfcMember': 418 rijen
2026-04-23 15:30:04,078 - core.step_2.data_joiner - INFO - Sheet 'IfcCurtainWall': 73 rijen
2026-04-23 15:30:04,089 - core.step_2.data_joiner - INFO - Sheet 'IfcRoof': 24 rijen
2026-04-23 15:30:04,096 - core.step_2.data_joiner - INFO - Sheet 'IfcBuildingElementProxy': 1001 rijen
2026-04-23 15:30:04,100 - core.step_2.data_joiner - INFO - Sheet 'IfcCovering': 28 rijen
2026-04-23 15:30:04,102 - core.step_2.data_joiner - INFO - Sheet 'IfcDuctSegment': 12 rijen
2026-04-23 15:30:04,106 - core.step_2.data_joiner - INFO - Sheet 'IfcPipeSegment': 36 rijen
2026-04-23 15:30:04,110 - core.step_2.data_joiner - INFO - Sheet 'IfcRailing': 6 rijen
2026-04-23 15:30:05,724 - core.step_2.excel_exporter - INFO - Sheet 'Wall' geschreven: 1367 rijen
2026-04-23 15:30:05,752 - core.step_2.excel_exporter - INFO - Sheet 'Door' geschreven: 108 rijen
2026-04-23 15:30:05,907 - core.step_2.excel_exporter - INFO - Sheet 'Window' geschreven: 441 rijen
2026-04-23 15:30:05,922 - core.step_2.excel_exporter - INFO - Sheet 'Beam' geschreven: 37 rijen
2026-04-23 15:30:06,141 - core.step_2.excel_exporter - INFO - Sheet 'Slab' geschreven: 371 rijen
2026-04-23 15:30:06,283 - core.step_2.excel_exporter - INFO - Sheet 'Member' geschreven: 418 rijen
2026-04-23 15:30:06,310 - core.step_2.excel_exporter - INFO - Sheet 'CurtainWall' geschreven: 73 rijen
2026-04-23 15:30:06,325 - core.step_2.excel_exporter - INFO - Sheet 'Roof' geschreven: 24 rijen
2026-04-23 15:30:06,703 - core.step_2.excel_exporter - INFO - Sheet 'BuildingElementProxy' geschreven: 1001 rijen
2026-04-23 15:30:06,723 - core.step_2.excel_exporter - INFO - Sheet 'Covering' geschreven: 28 rijen
2026-04-23 15:30:06,738 - core.step_2.excel_exporter - INFO - Sheet 'DuctSegment' geschreven: 12 rijen
2026-04-23 15:30:06,762 - core.step_2.excel_exporter - INFO - Sheet 'PipeSegment' geschreven: 36 rijen
2026-04-23 15:30:06,768 - core.step_2.excel_exporter - INFO - Sheet 'Railing' geschreven: 6 rijen
2026-04-23 15:30:06,772 - core.step_2.excel_exporter - INFO - Summary sheet geschreven
2026-04-23 15:30:09,302 - core.step_2.excel_exporter - INFO - Excel bestand succesvol opgeslagen: C:\Users\cathy\Downloads\quest\output\step_2_materials.xlsx
2026-04-23 15:30:09,303 - core.step_2.step_2_material_collector - INFO - Excel export succesvol: 13 sheets
2026-04-23 15:30:09,413 - core.step_3.step_3_material_type_resolver - INFO - Materialen geladen: 3922 rijen
2026-04-23 15:30:12,290 - core.step_3.step_3_material_type_resolver - INFO - DataFrame bijgewerkt met resolution info
2026-04-23 15:30:15,431 - core.step_3.step_3_material_type_resolver - INFO - Excel geëxporteerd: C:\Users\cathy\Downloads\quest\output\step_3_materials_resolved.xlsx
