2026-04-17 10:44:46,201 - core.step_1_element_collector - INFO - 
============================================================
2026-04-17 10:44:46,201 - core.step_1_element_collector - INFO - STAP 1: ALLE BOUWKUNDIGE ELEMENTEN VERZAMELEN
2026-04-17 10:44:46,201 - core.step_1_element_collector - INFO - ============================================================

2026-04-17 10:44:46,202 - core.element_extractor - INFO - ============================================================
2026-04-17 10:44:46,202 - core.element_extractor - INFO - STAP 1: Bouwkundige elementen verzamelen
2026-04-17 10:44:46,202 - core.element_extractor - INFO - ============================================================
2026-04-17 10:44:46,202 - core.element_extractor - INFO - Stap 1.1: Parent-relatie map opbouwen...
2026-04-17 10:44:46,228 - core.element_extractor - INFO - Stap 1.2: Alle bouwkundige elementen ophalen...
2026-04-17 10:44:47,485 - core.element_extractor - WARNING - Kon elementen van type IFCDUCTSEGMENT niet ophalen: Entity with name 'IFCDUCTSEGMENT' not found in schema 'IFC2X3'
2026-04-17 10:44:47,485 - core.element_extractor - WARNING - Kon elementen van type IFCPIPESEGMENT niet ophalen: Entity with name 'IFCPIPESEGMENT' not found in schema 'IFC2X3'
2026-04-17 10:44:47,492 - core.element_extractor - INFO - Stap 1.3: Resultaten omzetten naar DataFrame...
2026-04-17 10:44:47,557 - core.element_extractor - INFO - ============================================================
2026-04-17 10:44:47,563 - core.completeness_reporter - INFO - Genereer volledigheidsrapport...
2026-04-17 10:44:47,640 - core.completeness_reporter - INFO - Rapport opgeslagen: C:\Users\cathy\Downloads\quest\output\step_1_completeness_report.json
2026-04-17 10:44:47,645 - core.completeness_reporter - INFO - ============================================================
2026-04-17 10:44:47,645 - core.completeness_reporter - INFO - VOLLEDIGHEIDSRAPPORT - GLOBAAL
2026-04-17 10:44:47,645 - core.completeness_reporter - INFO - ============================================================
2026-04-17 10:44:47,645 - core.completeness_reporter - INFO - Totaal elementen: 3623
2026-04-17 10:44:47,650 - core.completeness_reporter - INFO - ============================================================
2026-04-17 10:44:47,650 - core.completeness_reporter - INFO - VOLLEDIGHEIDSRAPPORT - PER ELEMENT-TYPE
2026-04-17 10:44:47,650 - core.completeness_reporter - INFO - ============================================================
2026-04-17 10:44:47,651 - core.completeness_reporter - INFO - 
IfcWall:
2026-04-17 10:44:47,657 - core.completeness_reporter - INFO - 
IfcWallStandardCase:
2026-04-17 10:44:47,661 - core.completeness_reporter - INFO - 
IfcDoor:
2026-04-17 10:44:47,666 - core.completeness_reporter - INFO - 
IfcWindow:
2026-04-17 10:44:47,671 - core.completeness_reporter - INFO - 
IfcBeam:
2026-04-17 10:44:47,676 - core.completeness_reporter - INFO - 
IfcSlab:
2026-04-17 10:44:47,681 - core.completeness_reporter - INFO - 
IfcMember:
2026-04-17 10:44:47,685 - core.completeness_reporter - INFO - 
IfcCurtainWall:
2026-04-17 10:44:47,690 - core.completeness_reporter - INFO - 
IfcRoof:
2026-04-17 10:44:47,694 - core.completeness_reporter - INFO - 
IfcBuildingElementProxy:
2026-04-17 10:44:47,699 - core.completeness_reporter - INFO - 
IfcCovering:
2026-04-17 10:44:47,704 - core.completeness_reporter - INFO - 
IfcRailing:
2026-04-17 10:44:47,709 - core.step_1_element_collector - INFO - Sla tussentijdse resultaten op...
2026-04-17 10:44:47,733 - core.step_1_element_collector - INFO - 
============================================================
2026-04-17 10:44:47,735 - core.step_1_element_collector - INFO - ============================================================

