2026-04-20 12:19:40,320 - core.step_1_element_collector - INFO - 
============================================================
2026-04-20 12:19:40,321 - core.step_1_element_collector - INFO - STAP 1: ALLE BOUWKUNDIGE ELEMENTEN VERZAMELEN
2026-04-20 12:19:40,321 - core.step_1_element_collector - INFO - ============================================================

2026-04-20 12:19:40,323 - core.element_extractor - INFO - ============================================================
2026-04-20 12:19:40,324 - core.element_extractor - INFO - STAP 1: Bouwkundige elementen verzamelen
2026-04-20 12:19:40,324 - core.element_extractor - INFO - ============================================================
2026-04-20 12:19:40,324 - core.element_extractor - INFO - Stap 1.1: Parent-relatie map opbouwen...
2026-04-20 12:19:40,366 - core.element_extractor - INFO - Stap 1.2: Alle bouwkundige elementen ophalen...
2026-04-20 12:19:41,707 - core.element_extractor - WARNING - Kon elementen van type IFCDUCTSEGMENT niet ophalen: Entity with name 'IFCDUCTSEGMENT' not found in schema 'IFC2X3'
2026-04-20 12:19:41,709 - core.element_extractor - WARNING - Kon elementen van type IFCPIPESEGMENT niet ophalen: Entity with name 'IFCPIPESEGMENT' not found in schema 'IFC2X3'
2026-04-20 12:19:41,720 - core.element_extractor - INFO - Stap 1.3: Resultaten omzetten naar DataFrame...
2026-04-20 12:19:41,858 - core.element_extractor - INFO - ============================================================
2026-04-20 12:19:41,864 - core.completeness_reporter - INFO - Genereer volledigheidsrapport...
2026-04-20 12:19:42,030 - core.completeness_reporter - INFO - Rapport opgeslagen: C:\Users\cathy\Downloads\quest\output\step_1_completeness_report.json
2026-04-20 12:19:42,038 - core.completeness_reporter - INFO - ============================================================
2026-04-20 12:19:42,038 - core.completeness_reporter - INFO - VOLLEDIGHEIDSRAPPORT - GLOBAAL
2026-04-20 12:19:42,039 - core.completeness_reporter - INFO - ============================================================
2026-04-20 12:19:42,039 - core.completeness_reporter - INFO - Totaal elementen: 3623
2026-04-20 12:19:42,049 - core.completeness_reporter - INFO - ============================================================
2026-04-20 12:19:42,049 - core.completeness_reporter - INFO - VOLLEDIGHEIDSRAPPORT - PER ELEMENT-TYPE
2026-04-20 12:19:42,049 - core.completeness_reporter - INFO - ============================================================
2026-04-20 12:19:42,049 - core.completeness_reporter - INFO - 
IfcWall:
2026-04-20 12:19:42,062 - core.completeness_reporter - INFO - 
IfcWallStandardCase:
2026-04-20 12:19:42,071 - core.completeness_reporter - INFO - 
IfcDoor:
2026-04-20 12:19:42,082 - core.completeness_reporter - INFO - 
IfcWindow:
2026-04-20 12:19:42,091 - core.completeness_reporter - INFO - 
IfcBeam:
2026-04-20 12:19:42,100 - core.completeness_reporter - INFO - 
IfcSlab:
2026-04-20 12:19:42,107 - core.completeness_reporter - INFO - 
IfcMember:
2026-04-20 12:19:42,115 - core.completeness_reporter - INFO - 
IfcCurtainWall:
2026-04-20 12:19:42,122 - core.completeness_reporter - INFO - 
IfcRoof:
2026-04-20 12:19:42,128 - core.completeness_reporter - INFO - 
IfcBuildingElementProxy:
2026-04-20 12:19:42,135 - core.completeness_reporter - INFO - 
IfcCovering:
2026-04-20 12:19:42,140 - core.completeness_reporter - INFO - 
IfcRailing:
2026-04-20 12:19:42,147 - core.step_1_element_collector - INFO - Sla tussentijdse resultaten op...
2026-04-20 12:19:42,197 - core.step_1_element_collector - INFO - 
============================================================
2026-04-20 12:19:42,199 - core.step_1_element_collector - INFO - ============================================================

