2026-04-20 11:51:53,642 - core.step_1_element_collector - INFO - 
============================================================
2026-04-20 11:51:53,642 - core.step_1_element_collector - INFO - STAP 1: ALLE BOUWKUNDIGE ELEMENTEN VERZAMELEN
2026-04-20 11:51:53,642 - core.step_1_element_collector - INFO - ============================================================

2026-04-20 11:51:53,644 - core.element_extractor - INFO - ============================================================
2026-04-20 11:51:53,645 - core.element_extractor - INFO - STAP 1: Bouwkundige elementen verzamelen
2026-04-20 11:51:53,645 - core.element_extractor - INFO - ============================================================
2026-04-20 11:51:53,645 - core.element_extractor - INFO - Stap 1.1: Parent-relatie map opbouwen...
2026-04-20 11:51:53,676 - core.element_extractor - INFO - Stap 1.2: Alle bouwkundige elementen ophalen...
2026-04-20 11:51:55,200 - core.element_extractor - WARNING - Kon elementen van type IFCDUCTSEGMENT niet ophalen: Entity with name 'IFCDUCTSEGMENT' not found in schema 'IFC2X3'
2026-04-20 11:51:55,200 - core.element_extractor - WARNING - Kon elementen van type IFCPIPESEGMENT niet ophalen: Entity with name 'IFCPIPESEGMENT' not found in schema 'IFC2X3'
2026-04-20 11:51:55,242 - core.element_extractor - INFO - Stap 1.3: Resultaten omzetten naar DataFrame...
2026-04-20 11:51:55,357 - core.element_extractor - INFO - ============================================================
2026-04-20 11:51:55,363 - core.completeness_reporter - INFO - Genereer volledigheidsrapport...
2026-04-20 11:51:55,429 - core.completeness_reporter - INFO - Rapport opgeslagen: C:\Users\cathy\Downloads\quest\output\step_1_completeness_report.json
2026-04-20 11:51:55,451 - core.completeness_reporter - INFO - ============================================================
2026-04-20 11:51:55,451 - core.completeness_reporter - INFO - VOLLEDIGHEIDSRAPPORT - GLOBAAL
2026-04-20 11:51:55,451 - core.completeness_reporter - INFO - ============================================================
2026-04-20 11:51:55,451 - core.completeness_reporter - INFO - Totaal elementen: 3623
2026-04-20 11:51:55,457 - core.completeness_reporter - INFO - ============================================================
2026-04-20 11:51:55,457 - core.completeness_reporter - INFO - VOLLEDIGHEIDSRAPPORT - PER ELEMENT-TYPE
2026-04-20 11:51:55,457 - core.completeness_reporter - INFO - ============================================================
2026-04-20 11:51:55,457 - core.completeness_reporter - INFO - 
IfcWall:
2026-04-20 11:51:55,463 - core.completeness_reporter - INFO - 
IfcWallStandardCase:
2026-04-20 11:51:55,470 - core.completeness_reporter - INFO - 
IfcDoor:
2026-04-20 11:51:55,476 - core.completeness_reporter - INFO - 
IfcWindow:
2026-04-20 11:51:55,482 - core.completeness_reporter - INFO - 
IfcBeam:
2026-04-20 11:51:55,488 - core.completeness_reporter - INFO - 
IfcSlab:
2026-04-20 11:51:55,493 - core.completeness_reporter - INFO - 
IfcMember:
2026-04-20 11:51:55,499 - core.completeness_reporter - INFO - 
IfcCurtainWall:
2026-04-20 11:51:55,505 - core.completeness_reporter - INFO - 
IfcRoof:
2026-04-20 11:51:55,510 - core.completeness_reporter - INFO - 
IfcBuildingElementProxy:
2026-04-20 11:51:55,514 - core.completeness_reporter - INFO - 
IfcCovering:
2026-04-20 11:51:55,520 - core.completeness_reporter - INFO - 
IfcRailing:
2026-04-20 11:51:55,525 - core.step_1_element_collector - INFO - Sla tussentijdse resultaten op...
2026-04-20 11:51:55,561 - core.step_1_element_collector - INFO - 
============================================================
2026-04-20 11:51:55,563 - core.step_1_element_collector - INFO - ============================================================

